2021-02-12 04:29:48,034 INFO    MainThread:5588 [internal.py:wandb_internal():91] W&B internal server running at pid: 5588, started at: 2021-02-12 04:29:48.033448
2021-02-12 04:29:48,039 DEBUG   HandlerThread:5588 [handler.py:handle_request():94] handle_request: check_version
2021-02-12 04:29:48,039 INFO    WriterThread:5588 [datastore.py:open_for_write():77] open: /home/michaellee/FedML/FedML-Server/wandb/run-20210212_042945-gs4e47xf/run-gs4e47xf.wandb
2021-02-12 04:29:48,045 DEBUG   SenderThread:5588 [sender.py:send():117] send: header
2021-02-12 04:29:48,045 DEBUG   SenderThread:5588 [sender.py:send():117] send: request
2021-02-12 04:29:48,051 DEBUG   SenderThread:5588 [sender.py:send_request():126] send_request: check_version
2021-02-12 04:29:48,475 DEBUG   SenderThread:5588 [sender.py:send():117] send: run
2021-02-12 04:29:49,071 INFO    SenderThread:5588 [sender.py:_start_run_threads():596] run started: gs4e47xf with start time 1613075385
2021-02-12 04:29:49,092 DEBUG   SenderThread:5588 [sender.py:send():117] send: summary
2021-02-12 04:29:49,093 INFO    SenderThread:5588 [sender.py:_save_file():682] saving file wandb-summary.json with policy end
2021-02-12 04:29:49,102 DEBUG   HandlerThread:5588 [handler.py:handle_request():94] handle_request: run_start
2021-02-12 04:30:09,512 DEBUG   HandlerThread:5588 [meta.py:__init__():34] meta init
2021-02-12 04:30:09,512 DEBUG   HandlerThread:5588 [meta.py:__init__():48] meta init done
2021-02-12 04:30:09,513 DEBUG   HandlerThread:5588 [meta.py:probe():190] probe
2021-02-12 04:30:09,519 DEBUG   HandlerThread:5588 [meta.py:_setup_git():180] setup git
2021-02-12 04:30:09,618 DEBUG   HandlerThread:5588 [meta.py:_setup_git():187] setup git done
2021-02-12 04:30:09,619 DEBUG   HandlerThread:5588 [meta.py:_save_pip():52] save pip
2021-02-12 04:30:09,620 DEBUG   HandlerThread:5588 [meta.py:_save_pip():66] save pip done
2021-02-12 04:30:09,620 DEBUG   HandlerThread:5588 [meta.py:probe():231] probe done
2021-02-12 04:30:09,639 DEBUG   HandlerThread:5588 [handler.py:handle_request():94] handle_request: status
2021-02-12 04:30:09,640 DEBUG   SenderThread:5588 [sender.py:send():117] send: request
2021-02-12 04:30:09,641 DEBUG   SenderThread:5588 [sender.py:send_request():126] send_request: status
2021-02-12 04:30:10,023 DEBUG   SenderThread:5588 [sender.py:send():117] send: files
2021-02-12 04:30:10,023 INFO    SenderThread:5588 [sender.py:_save_file():682] saving file wandb-metadata.json with policy now
2021-02-12 04:30:12,844 DEBUG   SenderThread:5588 [sender.py:send():117] send: stats
2021-02-12 04:30:17,270 DEBUG   SenderThread:5588 [sender.py:send():117] send: stats
2021-02-12 04:30:21,693 DEBUG   SenderThread:5588 [sender.py:send():117] send: stats
2021-02-12 04:30:26,115 DEBUG   SenderThread:5588 [sender.py:send():117] send: stats
2021-02-12 04:30:30,537 DEBUG   SenderThread:5588 [sender.py:send():117] send: stats
2021-02-12 04:30:34,959 DEBUG   SenderThread:5588 [sender.py:send():117] send: stats
2021-02-12 04:30:39,382 DEBUG   SenderThread:5588 [sender.py:send():117] send: stats
2021-02-12 04:30:43,804 DEBUG   SenderThread:5588 [sender.py:send():117] send: stats
2021-02-12 04:30:48,227 DEBUG   SenderThread:5588 [sender.py:send():117] send: stats
2021-02-12 04:30:52,649 DEBUG   SenderThread:5588 [sender.py:send():117] send: stats
2021-02-12 04:30:57,071 DEBUG   SenderThread:5588 [sender.py:send():117] send: stats
2021-02-12 04:31:01,497 DEBUG   SenderThread:5588 [sender.py:send():117] send: stats
2021-02-12 04:31:05,921 DEBUG   SenderThread:5588 [sender.py:send():117] send: stats
2021-02-12 04:31:10,343 DEBUG   SenderThread:5588 [sender.py:send():117] send: stats
2021-02-12 04:31:14,773 DEBUG   SenderThread:5588 [sender.py:send():117] send: stats
2021-02-12 04:31:19,195 DEBUG   SenderThread:5588 [sender.py:send():117] send: stats
2021-02-12 04:31:23,619 DEBUG   SenderThread:5588 [sender.py:send():117] send: stats
2021-02-12 04:31:26,778 DEBUG   HandlerThread:5588 [handler.py:handle_request():94] handle_request: status
2021-02-12 04:31:26,779 DEBUG   SenderThread:5588 [sender.py:send():117] send: request
2021-02-12 04:31:26,780 DEBUG   SenderThread:5588 [sender.py:send_request():126] send_request: status
2021-02-12 04:31:28,043 DEBUG   SenderThread:5588 [sender.py:send():117] send: stats
2021-02-12 04:31:32,465 DEBUG   SenderThread:5588 [sender.py:send():117] send: stats
2021-02-12 04:31:36,908 DEBUG   SenderThread:5588 [sender.py:send():117] send: stats
2021-02-12 04:31:41,409 DEBUG   SenderThread:5588 [sender.py:send():117] send: stats
2021-02-12 04:31:42,340 DEBUG   HandlerThread:5588 [handler.py:handle_request():94] handle_request: status
2021-02-12 04:31:42,343 DEBUG   SenderThread:5588 [sender.py:send():117] send: request
2021-02-12 04:31:42,344 DEBUG   SenderThread:5588 [sender.py:send_request():126] send_request: status
2021-02-12 04:31:45,892 DEBUG   SenderThread:5588 [sender.py:send():117] send: stats
2021-02-12 04:31:50,397 DEBUG   SenderThread:5588 [sender.py:send():117] send: stats
2021-02-12 04:31:54,885 DEBUG   SenderThread:5588 [sender.py:send():117] send: stats
2021-02-12 04:31:58,119 DEBUG   HandlerThread:5588 [handler.py:handle_request():94] handle_request: status
2021-02-12 04:31:58,122 DEBUG   SenderThread:5588 [sender.py:send():117] send: request
2021-02-12 04:31:58,124 DEBUG   SenderThread:5588 [sender.py:send_request():126] send_request: status
2021-02-12 04:31:59,371 DEBUG   SenderThread:5588 [sender.py:send():117] send: stats
2021-02-12 04:32:03,863 DEBUG   SenderThread:5588 [sender.py:send():117] send: stats
2021-02-12 04:32:08,350 DEBUG   SenderThread:5588 [sender.py:send():117] send: stats
2021-02-12 04:32:12,850 DEBUG   SenderThread:5588 [sender.py:send():117] send: stats
2021-02-12 04:32:13,683 DEBUG   HandlerThread:5588 [handler.py:handle_request():94] handle_request: status
2021-02-12 04:32:13,687 DEBUG   SenderThread:5588 [sender.py:send():117] send: request
2021-02-12 04:32:13,688 DEBUG   SenderThread:5588 [sender.py:send_request():126] send_request: status
2021-02-12 04:32:17,335 DEBUG   SenderThread:5588 [sender.py:send():117] send: stats
2021-02-12 04:32:21,834 DEBUG   SenderThread:5588 [sender.py:send():117] send: stats
2021-02-12 04:32:26,339 DEBUG   SenderThread:5588 [sender.py:send():117] send: stats
2021-02-12 04:32:29,343 DEBUG   HandlerThread:5588 [handler.py:handle_request():94] handle_request: status
2021-02-12 04:32:29,346 DEBUG   SenderThread:5588 [sender.py:send():117] send: request
2021-02-12 04:32:29,347 DEBUG   SenderThread:5588 [sender.py:send_request():126] send_request: status
2021-02-12 04:32:30,834 DEBUG   SenderThread:5588 [sender.py:send():117] send: stats
2021-02-12 04:32:35,340 DEBUG   SenderThread:5588 [sender.py:send():117] send: stats
2021-02-12 04:32:39,828 DEBUG   SenderThread:5588 [sender.py:send():117] send: stats
2021-02-12 04:32:44,328 DEBUG   SenderThread:5588 [sender.py:send():117] send: stats
2021-02-12 04:32:44,899 DEBUG   HandlerThread:5588 [handler.py:handle_request():94] handle_request: status
2021-02-12 04:32:44,904 DEBUG   SenderThread:5588 [sender.py:send():117] send: request
2021-02-12 04:32:44,904 DEBUG   SenderThread:5588 [sender.py:send_request():126] send_request: status
2021-02-12 04:32:48,828 DEBUG   SenderThread:5588 [sender.py:send():117] send: stats
2021-02-12 04:32:53,324 DEBUG   SenderThread:5588 [sender.py:send():117] send: stats
2021-02-12 04:32:57,823 DEBUG   SenderThread:5588 [sender.py:send():117] send: stats
2021-02-12 04:33:01,064 DEBUG   HandlerThread:5588 [handler.py:handle_request():94] handle_request: status
2021-02-12 04:33:01,067 DEBUG   SenderThread:5588 [sender.py:send():117] send: request
2021-02-12 04:33:01,068 DEBUG   SenderThread:5588 [sender.py:send_request():126] send_request: status
2021-02-12 04:33:02,319 DEBUG   SenderThread:5588 [sender.py:send():117] send: stats
2021-02-12 04:33:06,806 DEBUG   SenderThread:5588 [sender.py:send():117] send: stats
2021-02-12 04:33:11,306 DEBUG   SenderThread:5588 [sender.py:send():117] send: stats
2021-02-12 04:33:15,809 DEBUG   SenderThread:5588 [sender.py:send():117] send: stats
2021-02-12 04:33:17,044 DEBUG   HandlerThread:5588 [handler.py:handle_request():94] handle_request: status
2021-02-12 04:33:17,045 DEBUG   SenderThread:5588 [sender.py:send():117] send: request
2021-02-12 04:33:17,045 DEBUG   SenderThread:5588 [sender.py:send_request():126] send_request: status
2021-02-12 04:33:20,306 DEBUG   SenderThread:5588 [sender.py:send():117] send: stats
2021-02-12 04:33:24,811 DEBUG   SenderThread:5588 [sender.py:send():117] send: stats
2021-02-12 04:33:29,311 DEBUG   SenderThread:5588 [sender.py:send():117] send: stats
2021-02-12 04:33:32,622 DEBUG   HandlerThread:5588 [handler.py:handle_request():94] handle_request: status
2021-02-12 04:33:32,626 DEBUG   SenderThread:5588 [sender.py:send():117] send: request
2021-02-12 04:33:32,627 DEBUG   SenderThread:5588 [sender.py:send_request():126] send_request: status
2021-02-12 04:33:33,819 DEBUG   SenderThread:5588 [sender.py:send():117] send: stats
2021-02-12 04:33:38,314 DEBUG   SenderThread:5588 [sender.py:send():117] send: stats
2021-02-12 04:33:42,814 DEBUG   SenderThread:5588 [sender.py:send():117] send: stats
2021-02-12 04:33:47,318 DEBUG   SenderThread:5588 [sender.py:send():117] send: stats
2021-02-12 04:33:48,287 DEBUG   HandlerThread:5588 [handler.py:handle_request():94] handle_request: status
2021-02-12 04:33:48,290 DEBUG   SenderThread:5588 [sender.py:send():117] send: request
2021-02-12 04:33:48,292 DEBUG   SenderThread:5588 [sender.py:send_request():126] send_request: status
2021-02-12 04:33:51,805 DEBUG   SenderThread:5588 [sender.py:send():117] send: stats
2021-02-12 04:33:56,307 DEBUG   SenderThread:5588 [sender.py:send():117] send: stats
2021-02-12 04:34:00,803 DEBUG   SenderThread:5588 [sender.py:send():117] send: stats
2021-02-12 04:34:03,711 DEBUG   HandlerThread:5588 [handler.py:handle_request():94] handle_request: status
2021-02-12 04:34:03,715 DEBUG   SenderThread:5588 [sender.py:send():117] send: request
2021-02-12 04:34:03,716 DEBUG   SenderThread:5588 [sender.py:send_request():126] send_request: status
2021-02-12 04:34:05,302 DEBUG   SenderThread:5588 [sender.py:send():117] send: stats
2021-02-12 04:34:09,772 DEBUG   SenderThread:5588 [sender.py:send():117] send: stats
2021-02-12 04:34:14,272 DEBUG   SenderThread:5588 [sender.py:send():117] send: stats
2021-02-12 04:34:18,764 DEBUG   SenderThread:5588 [sender.py:send():117] send: stats
2021-02-12 04:34:19,304 DEBUG   HandlerThread:5588 [handler.py:handle_request():94] handle_request: status
2021-02-12 04:34:19,308 DEBUG   SenderThread:5588 [sender.py:send():117] send: request
2021-02-12 04:34:19,316 DEBUG   SenderThread:5588 [sender.py:send_request():126] send_request: status
2021-02-12 04:34:23,277 DEBUG   SenderThread:5588 [sender.py:send():117] send: stats
2021-02-12 04:34:27,774 DEBUG   SenderThread:5588 [sender.py:send():117] send: stats
2021-02-12 04:34:32,259 DEBUG   SenderThread:5588 [sender.py:send():117] send: stats
2021-02-12 04:34:34,767 DEBUG   HandlerThread:5588 [handler.py:handle_request():94] handle_request: status
2021-02-12 04:34:34,770 DEBUG   SenderThread:5588 [sender.py:send():117] send: request
2021-02-12 04:34:34,771 DEBUG   SenderThread:5588 [sender.py:send_request():126] send_request: status
2021-02-12 04:34:36,753 DEBUG   SenderThread:5588 [sender.py:send():117] send: stats
2021-02-12 04:34:41,243 DEBUG   SenderThread:5588 [sender.py:send():117] send: stats
2021-02-12 04:34:45,729 DEBUG   SenderThread:5588 [sender.py:send():117] send: stats
2021-02-12 04:34:50,225 DEBUG   SenderThread:5588 [sender.py:send():117] send: stats
2021-02-12 04:34:50,230 DEBUG   HandlerThread:5588 [handler.py:handle_request():94] handle_request: status
2021-02-12 04:34:50,230 DEBUG   SenderThread:5588 [sender.py:send():117] send: request
2021-02-12 04:34:50,231 DEBUG   SenderThread:5588 [sender.py:send_request():126] send_request: status
2021-02-12 04:34:54,731 DEBUG   SenderThread:5588 [sender.py:send():117] send: stats
2021-02-12 04:34:59,230 DEBUG   SenderThread:5588 [sender.py:send():117] send: stats
2021-02-12 04:35:03,726 DEBUG   SenderThread:5588 [sender.py:send():117] send: stats
2021-02-12 04:35:05,688 DEBUG   HandlerThread:5588 [handler.py:handle_request():94] handle_request: status
2021-02-12 04:35:05,692 DEBUG   SenderThread:5588 [sender.py:send():117] send: request
2021-02-12 04:35:05,693 DEBUG   SenderThread:5588 [sender.py:send_request():126] send_request: status
2021-02-12 04:35:08,218 DEBUG   SenderThread:5588 [sender.py:send():117] send: stats
2021-02-12 04:35:12,715 DEBUG   SenderThread:5588 [sender.py:send():117] send: stats
2021-02-12 04:35:17,220 DEBUG   SenderThread:5588 [sender.py:send():117] send: stats
2021-02-12 04:35:21,349 DEBUG   HandlerThread:5588 [handler.py:handle_request():94] handle_request: status
2021-02-12 04:35:21,353 DEBUG   SenderThread:5588 [sender.py:send():117] send: request
2021-02-12 04:35:21,354 DEBUG   SenderThread:5588 [sender.py:send_request():126] send_request: status
2021-02-12 04:35:22,005 DEBUG   SenderThread:5588 [sender.py:send():117] send: stats
2021-02-12 04:35:26,211 DEBUG   SenderThread:5588 [sender.py:send():117] send: stats
2021-02-12 04:35:30,698 DEBUG   SenderThread:5588 [sender.py:send():117] send: stats
2021-02-12 04:35:35,203 DEBUG   SenderThread:5588 [sender.py:send():117] send: stats
2021-02-12 04:35:37,022 DEBUG   HandlerThread:5588 [handler.py:handle_request():94] handle_request: status
2021-02-12 04:35:37,025 DEBUG   SenderThread:5588 [sender.py:send():117] send: request
2021-02-12 04:35:37,026 DEBUG   SenderThread:5588 [sender.py:send_request():126] send_request: status
2021-02-12 04:35:39,710 DEBUG   SenderThread:5588 [sender.py:send():117] send: stats
2021-02-12 04:35:44,224 DEBUG   SenderThread:5588 [sender.py:send():117] send: stats
2021-02-12 04:35:48,722 DEBUG   SenderThread:5588 [sender.py:send():117] send: stats
2021-02-12 04:35:52,687 DEBUG   HandlerThread:5588 [handler.py:handle_request():94] handle_request: status
2021-02-12 04:35:52,691 DEBUG   SenderThread:5588 [sender.py:send():117] send: request
2021-02-12 04:35:52,692 DEBUG   SenderThread:5588 [sender.py:send_request():126] send_request: status
2021-02-12 04:35:53,341 DEBUG   SenderThread:5588 [sender.py:send():117] send: stats
2021-02-12 04:35:57,718 DEBUG   SenderThread:5588 [sender.py:send():117] send: stats
2021-02-12 04:36:02,191 DEBUG   SenderThread:5588 [sender.py:send():117] send: stats
2021-02-12 04:36:06,691 DEBUG   SenderThread:5588 [sender.py:send():117] send: stats
2021-02-12 04:36:08,358 DEBUG   HandlerThread:5588 [handler.py:handle_request():94] handle_request: status
2021-02-12 04:36:08,362 DEBUG   SenderThread:5588 [sender.py:send():117] send: request
2021-02-12 04:36:08,363 DEBUG   SenderThread:5588 [sender.py:send_request():126] send_request: status
2021-02-12 04:36:11,195 DEBUG   SenderThread:5588 [sender.py:send():117] send: stats
2021-02-12 04:36:15,697 DEBUG   SenderThread:5588 [sender.py:send():117] send: stats
2021-02-12 04:36:20,202 DEBUG   SenderThread:5588 [sender.py:send():117] send: stats
2021-02-12 04:36:24,010 DEBUG   HandlerThread:5588 [handler.py:handle_request():94] handle_request: status
2021-02-12 04:36:24,014 DEBUG   SenderThread:5588 [sender.py:send():117] send: request
2021-02-12 04:36:24,015 DEBUG   SenderThread:5588 [sender.py:send_request():126] send_request: status
2021-02-12 04:36:24,697 DEBUG   SenderThread:5588 [sender.py:send():117] send: stats
2021-02-12 04:36:29,198 DEBUG   SenderThread:5588 [sender.py:send():117] send: stats
2021-02-12 04:36:33,697 DEBUG   SenderThread:5588 [sender.py:send():117] send: stats
2021-02-12 04:36:38,206 DEBUG   SenderThread:5588 [sender.py:send():117] send: stats
2021-02-12 04:36:39,677 DEBUG   HandlerThread:5588 [handler.py:handle_request():94] handle_request: status
2021-02-12 04:36:39,683 DEBUG   SenderThread:5588 [sender.py:send():117] send: request
2021-02-12 04:36:39,687 DEBUG   SenderThread:5588 [sender.py:send_request():126] send_request: status
2021-02-12 04:36:42,697 DEBUG   SenderThread:5588 [sender.py:send():117] send: stats
2021-02-12 04:36:47,195 DEBUG   SenderThread:5588 [sender.py:send():117] send: stats
2021-02-12 04:36:51,699 DEBUG   SenderThread:5588 [sender.py:send():117] send: stats
2021-02-12 04:36:55,341 DEBUG   HandlerThread:5588 [handler.py:handle_request():94] handle_request: status
2021-02-12 04:36:55,344 DEBUG   SenderThread:5588 [sender.py:send():117] send: request
2021-02-12 04:36:55,345 DEBUG   SenderThread:5588 [sender.py:send_request():126] send_request: status
2021-02-12 04:36:56,210 DEBUG   SenderThread:5588 [sender.py:send():117] send: stats
2021-02-12 04:37:00,712 DEBUG   SenderThread:5588 [sender.py:send():117] send: stats
2021-02-12 04:37:05,204 DEBUG   SenderThread:5588 [sender.py:send():117] send: stats
2021-02-12 04:37:09,709 DEBUG   SenderThread:5588 [sender.py:send():117] send: stats
2021-02-12 04:37:11,005 DEBUG   HandlerThread:5588 [handler.py:handle_request():94] handle_request: status
2021-02-12 04:37:11,008 DEBUG   SenderThread:5588 [sender.py:send():117] send: request
2021-02-12 04:37:11,009 DEBUG   SenderThread:5588 [sender.py:send_request():126] send_request: status
2021-02-12 04:37:14,200 DEBUG   SenderThread:5588 [sender.py:send():117] send: stats
2021-02-12 04:37:18,706 DEBUG   SenderThread:5588 [sender.py:send():117] send: stats
2021-02-12 04:37:23,184 DEBUG   SenderThread:5588 [sender.py:send():117] send: stats
2021-02-12 04:37:26,674 DEBUG   HandlerThread:5588 [handler.py:handle_request():94] handle_request: status
2021-02-12 04:37:26,678 DEBUG   SenderThread:5588 [sender.py:send():117] send: request
2021-02-12 04:37:26,679 DEBUG   SenderThread:5588 [sender.py:send_request():126] send_request: status
2021-02-12 04:37:27,695 DEBUG   SenderThread:5588 [sender.py:send():117] send: stats
2021-02-12 04:37:32,194 DEBUG   SenderThread:5588 [sender.py:send():117] send: stats
2021-02-12 04:37:36,683 DEBUG   SenderThread:5588 [sender.py:send():117] send: stats
2021-02-12 04:37:41,181 DEBUG   SenderThread:5588 [sender.py:send():117] send: stats
2021-02-12 04:37:42,338 DEBUG   HandlerThread:5588 [handler.py:handle_request():94] handle_request: status
2021-02-12 04:37:42,341 DEBUG   SenderThread:5588 [sender.py:send():117] send: request
2021-02-12 04:37:42,342 DEBUG   SenderThread:5588 [sender.py:send_request():126] send_request: status
2021-02-12 04:37:45,685 DEBUG   SenderThread:5588 [sender.py:send():117] send: stats
2021-02-12 04:37:50,178 DEBUG   SenderThread:5588 [sender.py:send():117] send: stats
2021-02-12 04:37:54,682 DEBUG   SenderThread:5588 [sender.py:send():117] send: stats
2021-02-12 04:37:58,017 DEBUG   HandlerThread:5588 [handler.py:handle_request():94] handle_request: status
2021-02-12 04:37:58,020 DEBUG   SenderThread:5588 [sender.py:send():117] send: request
2021-02-12 04:37:58,021 DEBUG   SenderThread:5588 [sender.py:send_request():126] send_request: status
2021-02-12 04:37:59,172 DEBUG   SenderThread:5588 [sender.py:send():117] send: stats
2021-02-12 04:38:03,664 DEBUG   SenderThread:5588 [sender.py:send():117] send: stats
2021-02-12 04:38:08,162 DEBUG   SenderThread:5588 [sender.py:send():117] send: stats
2021-02-12 04:38:12,657 DEBUG   SenderThread:5588 [sender.py:send():117] send: stats
2021-02-12 04:38:13,662 DEBUG   HandlerThread:5588 [handler.py:handle_request():94] handle_request: status
2021-02-12 04:38:13,669 DEBUG   SenderThread:5588 [sender.py:send():117] send: request
2021-02-12 04:38:13,670 DEBUG   SenderThread:5588 [sender.py:send_request():126] send_request: status
2021-02-12 04:38:17,152 DEBUG   SenderThread:5588 [sender.py:send():117] send: stats
2021-02-12 04:38:21,646 DEBUG   SenderThread:5588 [sender.py:send():117] send: stats
2021-02-12 04:38:26,147 DEBUG   SenderThread:5588 [sender.py:send():117] send: stats
2021-02-12 04:38:29,134 DEBUG   HandlerThread:5588 [handler.py:handle_request():94] handle_request: status
2021-02-12 04:38:29,138 DEBUG   SenderThread:5588 [sender.py:send():117] send: request
2021-02-12 04:38:29,139 DEBUG   SenderThread:5588 [sender.py:send_request():126] send_request: status
2021-02-12 04:38:30,642 DEBUG   SenderThread:5588 [sender.py:send():117] send: stats
2021-02-12 04:38:35,141 DEBUG   SenderThread:5588 [sender.py:send():117] send: stats
2021-02-12 04:38:39,634 DEBUG   SenderThread:5588 [sender.py:send():117] send: stats
2021-02-12 04:38:44,139 DEBUG   SenderThread:5588 [sender.py:send():117] send: stats
2021-02-12 04:38:44,698 DEBUG   HandlerThread:5588 [handler.py:handle_request():94] handle_request: status
2021-02-12 04:38:44,702 DEBUG   SenderThread:5588 [sender.py:send():117] send: request
2021-02-12 04:38:44,703 DEBUG   SenderThread:5588 [sender.py:send_request():126] send_request: status
2021-02-12 04:38:48,626 DEBUG   SenderThread:5588 [sender.py:send():117] send: stats
2021-02-12 04:38:53,125 DEBUG   SenderThread:5588 [sender.py:send():117] send: stats
2021-02-12 04:38:57,613 DEBUG   SenderThread:5588 [sender.py:send():117] send: stats
2021-02-12 04:39:00,661 DEBUG   HandlerThread:5588 [handler.py:handle_request():94] handle_request: status
2021-02-12 04:39:00,664 DEBUG   SenderThread:5588 [sender.py:send():117] send: request
2021-02-12 04:39:00,665 DEBUG   SenderThread:5588 [sender.py:send_request():126] send_request: status
2021-02-12 04:39:02,099 DEBUG   SenderThread:5588 [sender.py:send():117] send: stats
2021-02-12 04:39:06,586 DEBUG   SenderThread:5588 [sender.py:send():117] send: stats
2021-02-12 04:39:11,093 DEBUG   SenderThread:5588 [sender.py:send():117] send: stats
2021-02-12 04:39:15,594 DEBUG   SenderThread:5588 [sender.py:send():117] send: stats
2021-02-12 04:39:16,320 DEBUG   HandlerThread:5588 [handler.py:handle_request():94] handle_request: status
2021-02-12 04:39:16,324 DEBUG   SenderThread:5588 [sender.py:send():117] send: request
2021-02-12 04:39:16,325 DEBUG   SenderThread:5588 [sender.py:send_request():126] send_request: status
2021-02-12 04:39:20,097 DEBUG   SenderThread:5588 [sender.py:send():117] send: stats
2021-02-12 04:39:24,587 DEBUG   SenderThread:5588 [sender.py:send():117] send: stats
2021-02-12 04:39:29,097 DEBUG   SenderThread:5588 [sender.py:send():117] send: stats
2021-02-12 04:39:31,991 DEBUG   HandlerThread:5588 [handler.py:handle_request():94] handle_request: status
2021-02-12 04:39:31,994 DEBUG   SenderThread:5588 [sender.py:send():117] send: request
2021-02-12 04:39:31,995 DEBUG   SenderThread:5588 [sender.py:send_request():126] send_request: status
2021-02-12 04:39:33,597 DEBUG   SenderThread:5588 [sender.py:send():117] send: stats
2021-02-12 04:39:38,091 DEBUG   SenderThread:5588 [sender.py:send():117] send: stats
2021-02-12 04:39:42,582 DEBUG   SenderThread:5588 [sender.py:send():117] send: stats
2021-02-12 04:39:47,085 DEBUG   SenderThread:5588 [sender.py:send():117] send: stats
2021-02-12 04:39:47,650 DEBUG   HandlerThread:5588 [handler.py:handle_request():94] handle_request: status
2021-02-12 04:39:47,655 DEBUG   SenderThread:5588 [sender.py:send():117] send: request
2021-02-12 04:39:47,659 DEBUG   SenderThread:5588 [sender.py:send_request():126] send_request: status
2021-02-12 04:39:51,590 DEBUG   SenderThread:5588 [sender.py:send():117] send: stats
2021-02-12 04:39:56,091 DEBUG   SenderThread:5588 [sender.py:send():117] send: stats
2021-02-12 04:40:00,587 DEBUG   SenderThread:5588 [sender.py:send():117] send: stats
2021-02-12 04:40:03,322 DEBUG   HandlerThread:5588 [handler.py:handle_request():94] handle_request: status
2021-02-12 04:40:03,324 DEBUG   SenderThread:5588 [sender.py:send():117] send: request
2021-02-12 04:40:03,324 DEBUG   SenderThread:5588 [sender.py:send_request():126] send_request: status
2021-02-12 04:40:05,103 DEBUG   SenderThread:5588 [sender.py:send():117] send: stats
2021-02-12 04:40:09,593 DEBUG   SenderThread:5588 [sender.py:send():117] send: stats
2021-02-12 04:40:14,093 DEBUG   SenderThread:5588 [sender.py:send():117] send: stats
2021-02-12 04:40:18,583 DEBUG   SenderThread:5588 [sender.py:send():117] send: stats
2021-02-12 04:40:19,101 DEBUG   HandlerThread:5588 [handler.py:handle_request():94] handle_request: status
2021-02-12 04:40:19,104 DEBUG   SenderThread:5588 [sender.py:send():117] send: request
2021-02-12 04:40:19,110 DEBUG   SenderThread:5588 [sender.py:send_request():126] send_request: status
2021-02-12 04:40:23,070 DEBUG   SenderThread:5588 [sender.py:send():117] send: stats
2021-02-12 04:40:27,552 DEBUG   SenderThread:5588 [sender.py:send():117] send: stats
2021-02-12 04:40:32,059 DEBUG   SenderThread:5588 [sender.py:send():117] send: stats
2021-02-12 04:40:34,654 DEBUG   HandlerThread:5588 [handler.py:handle_request():94] handle_request: status
2021-02-12 04:40:34,658 DEBUG   SenderThread:5588 [sender.py:send():117] send: request
2021-02-12 04:40:34,659 DEBUG   SenderThread:5588 [sender.py:send_request():126] send_request: status
2021-02-12 04:40:36,554 DEBUG   SenderThread:5588 [sender.py:send():117] send: stats
2021-02-12 04:40:41,052 DEBUG   SenderThread:5588 [sender.py:send():117] send: stats
2021-02-12 04:40:45,551 DEBUG   SenderThread:5588 [sender.py:send():117] send: stats
2021-02-12 04:40:50,050 DEBUG   SenderThread:5588 [sender.py:send():117] send: stats
2021-02-12 04:40:50,130 DEBUG   HandlerThread:5588 [handler.py:handle_request():94] handle_request: status
2021-02-12 04:40:50,133 DEBUG   SenderThread:5588 [sender.py:send():117] send: request
2021-02-12 04:40:50,134 DEBUG   SenderThread:5588 [sender.py:send_request():126] send_request: status
2021-02-12 04:40:54,560 DEBUG   SenderThread:5588 [sender.py:send():117] send: stats
2021-02-12 04:40:59,060 DEBUG   SenderThread:5588 [sender.py:send():117] send: stats
2021-02-12 04:41:03,546 DEBUG   SenderThread:5588 [sender.py:send():117] send: stats
2021-02-12 04:41:05,693 DEBUG   HandlerThread:5588 [handler.py:handle_request():94] handle_request: status
2021-02-12 04:41:05,697 DEBUG   SenderThread:5588 [sender.py:send():117] send: request
2021-02-12 04:41:05,698 DEBUG   SenderThread:5588 [sender.py:send_request():126] send_request: status
2021-02-12 04:41:08,046 DEBUG   SenderThread:5588 [sender.py:send():117] send: stats
2021-02-12 04:41:12,539 DEBUG   SenderThread:5588 [sender.py:send():117] send: stats
2021-02-12 04:41:17,042 DEBUG   SenderThread:5588 [sender.py:send():117] send: stats
2021-02-12 04:41:21,149 DEBUG   HandlerThread:5588 [handler.py:handle_request():94] handle_request: status
2021-02-12 04:41:21,152 DEBUG   SenderThread:5588 [sender.py:send():117] send: request
2021-02-12 04:41:21,153 DEBUG   SenderThread:5588 [sender.py:send_request():126] send_request: status
2021-02-12 04:41:21,595 DEBUG   SenderThread:5588 [sender.py:send():117] send: stats
2021-02-12 04:41:26,046 DEBUG   SenderThread:5588 [sender.py:send():117] send: stats
2021-02-12 04:41:30,551 DEBUG   SenderThread:5588 [sender.py:send():117] send: stats
2021-02-12 04:41:35,054 DEBUG   SenderThread:5588 [sender.py:send():117] send: stats
2021-02-12 04:41:36,611 DEBUG   HandlerThread:5588 [handler.py:handle_request():94] handle_request: status
2021-02-12 04:41:36,614 DEBUG   SenderThread:5588 [sender.py:send():117] send: request
2021-02-12 04:41:36,615 DEBUG   SenderThread:5588 [sender.py:send_request():126] send_request: status
2021-02-12 04:41:39,543 DEBUG   SenderThread:5588 [sender.py:send():117] send: stats
2021-02-12 04:41:44,035 DEBUG   SenderThread:5588 [sender.py:send():117] send: stats
2021-02-12 04:41:48,538 DEBUG   SenderThread:5588 [sender.py:send():117] send: stats
2021-02-12 04:41:52,068 DEBUG   HandlerThread:5588 [handler.py:handle_request():94] handle_request: status
2021-02-12 04:41:52,071 DEBUG   SenderThread:5588 [sender.py:send():117] send: request
2021-02-12 04:41:52,071 DEBUG   SenderThread:5588 [sender.py:send_request():126] send_request: status
2021-02-12 04:41:53,015 DEBUG   SenderThread:5588 [sender.py:send():117] send: stats
2021-02-12 04:41:57,522 DEBUG   SenderThread:5588 [sender.py:send():117] send: stats
2021-02-12 04:42:01,994 DEBUG   SenderThread:5588 [sender.py:send():117] send: stats
2021-02-12 04:42:06,484 DEBUG   SenderThread:5588 [sender.py:send():117] send: stats
2021-02-12 04:42:07,737 DEBUG   HandlerThread:5588 [handler.py:handle_request():94] handle_request: status
2021-02-12 04:42:07,742 DEBUG   SenderThread:5588 [sender.py:send():117] send: request
2021-02-12 04:42:07,745 DEBUG   SenderThread:5588 [sender.py:send_request():126] send_request: status
2021-02-12 04:42:10,982 DEBUG   SenderThread:5588 [sender.py:send():117] send: stats
2021-02-12 04:42:15,491 DEBUG   SenderThread:5588 [sender.py:send():117] send: stats
2021-02-12 04:42:19,986 DEBUG   SenderThread:5588 [sender.py:send():117] send: stats
2021-02-12 04:42:23,300 DEBUG   HandlerThread:5588 [handler.py:handle_request():94] handle_request: status
2021-02-12 04:42:23,304 DEBUG   SenderThread:5588 [sender.py:send():117] send: request
2021-02-12 04:42:23,305 DEBUG   SenderThread:5588 [sender.py:send_request():126] send_request: status
2021-02-12 04:42:24,479 DEBUG   SenderThread:5588 [sender.py:send():117] send: stats
2021-02-12 04:42:28,984 DEBUG   SenderThread:5588 [sender.py:send():117] send: stats
2021-02-12 04:42:33,474 DEBUG   SenderThread:5588 [sender.py:send():117] send: stats
2021-02-12 04:42:37,979 DEBUG   SenderThread:5588 [sender.py:send():117] send: stats
2021-02-12 04:42:38,766 DEBUG   HandlerThread:5588 [handler.py:handle_request():94] handle_request: status
2021-02-12 04:42:38,769 DEBUG   SenderThread:5588 [sender.py:send():117] send: request
2021-02-12 04:42:38,769 DEBUG   SenderThread:5588 [sender.py:send_request():126] send_request: status
2021-02-12 04:42:42,469 DEBUG   SenderThread:5588 [sender.py:send():117] send: stats
2021-02-12 04:42:46,976 DEBUG   SenderThread:5588 [sender.py:send():117] send: stats
2021-02-12 04:42:51,474 DEBUG   SenderThread:5588 [sender.py:send():117] send: stats
2021-02-12 04:42:54,425 DEBUG   HandlerThread:5588 [handler.py:handle_request():94] handle_request: status
2021-02-12 04:42:54,428 DEBUG   SenderThread:5588 [sender.py:send():117] send: request
2021-02-12 04:42:54,429 DEBUG   SenderThread:5588 [sender.py:send_request():126] send_request: status
2021-02-12 04:42:55,990 DEBUG   SenderThread:5588 [sender.py:send():117] send: stats
2021-02-12 04:43:00,477 DEBUG   SenderThread:5588 [sender.py:send():117] send: stats
2021-02-12 04:43:04,981 DEBUG   SenderThread:5588 [sender.py:send():117] send: stats
2021-02-12 04:43:09,472 DEBUG   SenderThread:5588 [sender.py:send():117] send: stats
2021-02-12 04:43:10,099 DEBUG   HandlerThread:5588 [handler.py:handle_request():94] handle_request: status
2021-02-12 04:43:10,102 DEBUG   SenderThread:5588 [sender.py:send():117] send: request
2021-02-12 04:43:10,102 DEBUG   SenderThread:5588 [sender.py:send_request():126] send_request: status
2021-02-12 04:43:13,952 DEBUG   SenderThread:5588 [sender.py:send():117] send: stats
2021-02-12 04:43:18,455 DEBUG   SenderThread:5588 [sender.py:send():117] send: stats
2021-02-12 04:43:22,934 DEBUG   SenderThread:5588 [sender.py:send():117] send: stats
2021-02-12 04:43:25,755 DEBUG   HandlerThread:5588 [handler.py:handle_request():94] handle_request: status
2021-02-12 04:43:25,758 DEBUG   SenderThread:5588 [sender.py:send():117] send: request
2021-02-12 04:43:25,759 DEBUG   SenderThread:5588 [sender.py:send_request():126] send_request: status
2021-02-12 04:43:27,442 DEBUG   SenderThread:5588 [sender.py:send():117] send: stats
2021-02-12 04:43:31,940 DEBUG   SenderThread:5588 [sender.py:send():117] send: stats
2021-02-12 04:43:36,442 DEBUG   SenderThread:5588 [sender.py:send():117] send: stats
2021-02-12 04:43:40,950 DEBUG   SenderThread:5588 [sender.py:send():117] send: stats
2021-02-12 04:43:41,427 DEBUG   HandlerThread:5588 [handler.py:handle_request():94] handle_request: status
2021-02-12 04:43:41,430 DEBUG   SenderThread:5588 [sender.py:send():117] send: request
2021-02-12 04:43:41,431 DEBUG   SenderThread:5588 [sender.py:send_request():126] send_request: status
2021-02-12 04:43:45,458 DEBUG   SenderThread:5588 [sender.py:send():117] send: stats
2021-02-12 04:43:49,950 DEBUG   SenderThread:5588 [sender.py:send():117] send: stats
2021-02-12 04:43:54,451 DEBUG   SenderThread:5588 [sender.py:send():117] send: stats
2021-02-12 04:43:57,192 DEBUG   HandlerThread:5588 [handler.py:handle_request():94] handle_request: status
2021-02-12 04:43:57,196 DEBUG   SenderThread:5588 [sender.py:send():117] send: request
2021-02-12 04:43:57,197 DEBUG   SenderThread:5588 [sender.py:send_request():126] send_request: status
2021-02-12 04:43:58,948 DEBUG   SenderThread:5588 [sender.py:send():117] send: stats
2021-02-12 04:44:03,444 DEBUG   SenderThread:5588 [sender.py:send():117] send: stats
2021-02-12 04:44:07,950 DEBUG   SenderThread:5588 [sender.py:send():117] send: stats
2021-02-12 04:44:12,457 DEBUG   SenderThread:5588 [sender.py:send():117] send: stats
2021-02-12 04:44:12,655 DEBUG   HandlerThread:5588 [handler.py:handle_request():94] handle_request: status
2021-02-12 04:44:12,658 DEBUG   SenderThread:5588 [sender.py:send():117] send: request
2021-02-12 04:44:12,659 DEBUG   SenderThread:5588 [sender.py:send_request():126] send_request: status
2021-02-12 04:44:16,950 DEBUG   SenderThread:5588 [sender.py:send():117] send: stats
2021-02-12 04:44:21,452 DEBUG   SenderThread:5588 [sender.py:send():117] send: stats
2021-02-12 04:44:25,951 DEBUG   SenderThread:5588 [sender.py:send():117] send: stats
2021-02-12 04:44:28,098 DEBUG   HandlerThread:5588 [handler.py:handle_request():94] handle_request: status
2021-02-12 04:44:28,102 DEBUG   SenderThread:5588 [sender.py:send():117] send: request
2021-02-12 04:44:28,103 DEBUG   SenderThread:5588 [sender.py:send_request():126] send_request: status
2021-02-12 04:44:30,435 DEBUG   SenderThread:5588 [sender.py:send():117] send: stats
2021-02-12 04:44:34,916 DEBUG   SenderThread:5588 [sender.py:send():117] send: stats
2021-02-12 04:44:39,411 DEBUG   SenderThread:5588 [sender.py:send():117] send: stats
2021-02-12 04:44:43,769 DEBUG   HandlerThread:5588 [handler.py:handle_request():94] handle_request: status
2021-02-12 04:44:43,770 DEBUG   SenderThread:5588 [sender.py:send():117] send: request
2021-02-12 04:44:43,770 DEBUG   SenderThread:5588 [sender.py:send_request():126] send_request: status
2021-02-12 04:44:44,431 DEBUG   SenderThread:5588 [sender.py:send():117] send: stats
2021-02-12 04:44:48,376 DEBUG   SenderThread:5588 [sender.py:send():117] send: stats
2021-02-12 04:44:52,874 DEBUG   SenderThread:5588 [sender.py:send():117] send: stats
2021-02-12 04:44:57,358 DEBUG   SenderThread:5588 [sender.py:send():117] send: stats
2021-02-12 04:44:59,447 DEBUG   HandlerThread:5588 [handler.py:handle_request():94] handle_request: status
2021-02-12 04:44:59,451 DEBUG   SenderThread:5588 [sender.py:send():117] send: request
2021-02-12 04:44:59,456 DEBUG   SenderThread:5588 [sender.py:send_request():126] send_request: status
2021-02-12 04:45:01,860 DEBUG   SenderThread:5588 [sender.py:send():117] send: stats
2021-02-12 04:45:06,354 DEBUG   SenderThread:5588 [sender.py:send():117] send: stats
2021-02-12 04:45:10,850 DEBUG   SenderThread:5588 [sender.py:send():117] send: stats
2021-02-12 04:45:15,117 DEBUG   HandlerThread:5588 [handler.py:handle_request():94] handle_request: status
2021-02-12 04:45:15,120 DEBUG   SenderThread:5588 [sender.py:send():117] send: request
2021-02-12 04:45:15,121 DEBUG   SenderThread:5588 [sender.py:send_request():126] send_request: status
2021-02-12 04:45:15,762 DEBUG   SenderThread:5588 [sender.py:send():117] send: stats
2021-02-12 04:45:19,855 DEBUG   SenderThread:5588 [sender.py:send():117] send: stats
2021-02-12 04:45:24,346 DEBUG   SenderThread:5588 [sender.py:send():117] send: stats
2021-02-12 04:45:28,846 DEBUG   SenderThread:5588 [sender.py:send():117] send: stats
2021-02-12 04:45:30,778 DEBUG   HandlerThread:5588 [handler.py:handle_request():94] handle_request: status
2021-02-12 04:45:30,782 DEBUG   SenderThread:5588 [sender.py:send():117] send: request
2021-02-12 04:45:30,783 DEBUG   SenderThread:5588 [sender.py:send_request():126] send_request: status
2021-02-12 04:45:33,338 DEBUG   SenderThread:5588 [sender.py:send():117] send: stats
2021-02-12 04:45:37,832 DEBUG   SenderThread:5588 [sender.py:send():117] send: stats
2021-02-12 04:45:42,327 DEBUG   SenderThread:5588 [sender.py:send():117] send: stats
2021-02-12 04:45:46,443 DEBUG   HandlerThread:5588 [handler.py:handle_request():94] handle_request: status
2021-02-12 04:45:46,446 DEBUG   SenderThread:5588 [sender.py:send():117] send: request
2021-02-12 04:45:46,447 DEBUG   SenderThread:5588 [sender.py:send_request():126] send_request: status
2021-02-12 04:45:47,091 DEBUG   SenderThread:5588 [sender.py:send():117] send: stats
2021-02-12 04:45:51,338 DEBUG   SenderThread:5588 [sender.py:send():117] send: stats
2021-02-12 04:45:55,833 DEBUG   SenderThread:5588 [sender.py:send():117] send: stats
2021-02-12 04:46:00,334 DEBUG   SenderThread:5588 [sender.py:send():117] send: stats
2021-02-12 04:46:02,106 DEBUG   HandlerThread:5588 [handler.py:handle_request():94] handle_request: status
2021-02-12 04:46:02,109 DEBUG   SenderThread:5588 [sender.py:send():117] send: request
2021-02-12 04:46:02,110 DEBUG   SenderThread:5588 [sender.py:send_request():126] send_request: status
2021-02-12 04:46:04,820 DEBUG   SenderThread:5588 [sender.py:send():117] send: stats
2021-02-12 04:46:09,306 DEBUG   SenderThread:5588 [sender.py:send():117] send: stats
2021-02-12 04:46:13,803 DEBUG   SenderThread:5588 [sender.py:send():117] send: stats
2021-02-12 04:46:17,576 DEBUG   HandlerThread:5588 [handler.py:handle_request():94] handle_request: status
2021-02-12 04:46:17,579 DEBUG   SenderThread:5588 [sender.py:send():117] send: request
2021-02-12 04:46:17,580 DEBUG   SenderThread:5588 [sender.py:send_request():126] send_request: status
2021-02-12 04:46:18,287 DEBUG   SenderThread:5588 [sender.py:send():117] send: stats
2021-02-12 04:46:22,792 DEBUG   SenderThread:5588 [sender.py:send():117] send: stats
2021-02-12 04:46:27,281 DEBUG   SenderThread:5588 [sender.py:send():117] send: stats
2021-02-12 04:46:31,777 DEBUG   SenderThread:5588 [sender.py:send():117] send: stats
2021-02-12 04:46:33,125 DEBUG   HandlerThread:5588 [handler.py:handle_request():94] handle_request: status
2021-02-12 04:46:33,128 DEBUG   SenderThread:5588 [sender.py:send():117] send: request
2021-02-12 04:46:33,129 DEBUG   SenderThread:5588 [sender.py:send_request():126] send_request: status
2021-02-12 04:46:36,276 DEBUG   SenderThread:5588 [sender.py:send():117] send: stats
2021-02-12 04:46:40,775 DEBUG   SenderThread:5588 [sender.py:send():117] send: stats
2021-02-12 04:46:45,267 DEBUG   SenderThread:5588 [sender.py:send():117] send: stats
2021-02-12 04:46:48,796 DEBUG   HandlerThread:5588 [handler.py:handle_request():94] handle_request: status
2021-02-12 04:46:48,799 DEBUG   SenderThread:5588 [sender.py:send():117] send: request
2021-02-12 04:46:48,800 DEBUG   SenderThread:5588 [sender.py:send_request():126] send_request: status
2021-02-12 04:46:49,775 DEBUG   SenderThread:5588 [sender.py:send():117] send: stats
2021-02-12 04:46:54,271 DEBUG   SenderThread:5588 [sender.py:send():117] send: stats
2021-02-12 04:46:58,766 DEBUG   SenderThread:5588 [sender.py:send():117] send: stats
2021-02-12 04:47:03,262 DEBUG   SenderThread:5588 [sender.py:send():117] send: stats
2021-02-12 04:47:04,480 DEBUG   HandlerThread:5588 [handler.py:handle_request():94] handle_request: status
2021-02-12 04:47:04,483 DEBUG   SenderThread:5588 [sender.py:send():117] send: request
2021-02-12 04:47:04,484 DEBUG   SenderThread:5588 [sender.py:send_request():126] send_request: status
2021-02-12 04:47:07,767 DEBUG   SenderThread:5588 [sender.py:send():117] send: stats
2021-02-12 04:47:12,271 DEBUG   SenderThread:5588 [sender.py:send():117] send: stats
2021-02-12 04:47:16,766 DEBUG   SenderThread:5588 [sender.py:send():117] send: stats
2021-02-12 04:47:20,131 DEBUG   HandlerThread:5588 [handler.py:handle_request():94] handle_request: status
2021-02-12 04:47:20,132 DEBUG   SenderThread:5588 [sender.py:send():117] send: request
2021-02-12 04:47:20,132 DEBUG   SenderThread:5588 [sender.py:send_request():126] send_request: status
2021-02-12 04:47:21,262 DEBUG   SenderThread:5588 [sender.py:send():117] send: stats
2021-02-12 04:47:25,747 DEBUG   SenderThread:5588 [sender.py:send():117] send: stats
2021-02-12 04:47:30,233 DEBUG   SenderThread:5588 [sender.py:send():117] send: stats
2021-02-12 04:47:34,723 DEBUG   SenderThread:5588 [sender.py:send():117] send: stats
2021-02-12 04:47:35,801 DEBUG   HandlerThread:5588 [handler.py:handle_request():94] handle_request: status
2021-02-12 04:47:35,804 DEBUG   SenderThread:5588 [sender.py:send():117] send: request
2021-02-12 04:47:35,805 DEBUG   SenderThread:5588 [sender.py:send_request():126] send_request: status
2021-02-12 04:47:39,198 DEBUG   SenderThread:5588 [sender.py:send():117] send: stats
2021-02-12 04:47:43,705 DEBUG   SenderThread:5588 [sender.py:send():117] send: stats
2021-02-12 04:47:48,209 DEBUG   SenderThread:5588 [sender.py:send():117] send: stats
2021-02-12 04:47:51,469 DEBUG   HandlerThread:5588 [handler.py:handle_request():94] handle_request: status
2021-02-12 04:47:51,474 DEBUG   SenderThread:5588 [sender.py:send():117] send: request
2021-02-12 04:47:51,475 DEBUG   SenderThread:5588 [sender.py:send_request():126] send_request: status
2021-02-12 04:47:52,698 DEBUG   SenderThread:5588 [sender.py:send():117] send: stats
2021-02-12 04:47:57,199 DEBUG   SenderThread:5588 [sender.py:send():117] send: stats
2021-02-12 04:48:01,697 DEBUG   SenderThread:5588 [sender.py:send():117] send: stats
2021-02-12 04:48:06,198 DEBUG   SenderThread:5588 [sender.py:send():117] send: stats
2021-02-12 04:48:06,929 DEBUG   HandlerThread:5588 [handler.py:handle_request():94] handle_request: status
2021-02-12 04:48:06,932 DEBUG   SenderThread:5588 [sender.py:send():117] send: request
2021-02-12 04:48:06,933 DEBUG   SenderThread:5588 [sender.py:send_request():126] send_request: status
2021-02-12 04:48:10,698 DEBUG   SenderThread:5588 [sender.py:send():117] send: stats
2021-02-12 04:48:15,195 DEBUG   SenderThread:5588 [sender.py:send():117] send: stats
2021-02-12 04:48:19,687 DEBUG   SenderThread:5588 [sender.py:send():117] send: stats
2021-02-12 04:48:22,597 DEBUG   HandlerThread:5588 [handler.py:handle_request():94] handle_request: status
2021-02-12 04:48:22,600 DEBUG   SenderThread:5588 [sender.py:send():117] send: request
2021-02-12 04:48:22,601 DEBUG   SenderThread:5588 [sender.py:send_request():126] send_request: status
2021-02-12 04:48:24,193 DEBUG   SenderThread:5588 [sender.py:send():117] send: stats
2021-02-12 04:48:28,694 DEBUG   SenderThread:5588 [sender.py:send():117] send: stats
2021-02-12 04:48:33,183 DEBUG   SenderThread:5588 [sender.py:send():117] send: stats
2021-02-12 04:48:37,679 DEBUG   SenderThread:5588 [sender.py:send():117] send: stats
2021-02-12 04:48:38,158 DEBUG   HandlerThread:5588 [handler.py:handle_request():94] handle_request: status
2021-02-12 04:48:38,162 DEBUG   SenderThread:5588 [sender.py:send():117] send: request
2021-02-12 04:48:38,163 DEBUG   SenderThread:5588 [sender.py:send_request():126] send_request: status
2021-02-12 04:48:42,194 DEBUG   SenderThread:5588 [sender.py:send():117] send: stats
2021-02-12 04:48:46,696 DEBUG   SenderThread:5588 [sender.py:send():117] send: stats
2021-02-12 04:48:51,191 DEBUG   SenderThread:5588 [sender.py:send():117] send: stats
2021-02-12 04:48:53,824 DEBUG   HandlerThread:5588 [handler.py:handle_request():94] handle_request: status
2021-02-12 04:48:53,827 DEBUG   SenderThread:5588 [sender.py:send():117] send: request
2021-02-12 04:48:53,828 DEBUG   SenderThread:5588 [sender.py:send_request():126] send_request: status
2021-02-12 04:49:27,174 ERROR   SenderThread:5588 [retry.py:__call__():111] Retry attempt failed:
Traceback (most recent call last):
  File "/usr/lib/python3/dist-packages/urllib3/connection.py", line 144, in _new_conn
    (self.host, self.port), self.timeout, **extra_kw)
  File "/usr/lib/python3/dist-packages/urllib3/util/connection.py", line 83, in create_connection
    raise err
  File "/usr/lib/python3/dist-packages/urllib3/util/connection.py", line 73, in create_connection
    sock.connect(sa)
socket.timeout: timed out

During handling of the above exception, another exception occurred:

Traceback (most recent call last):
  File "/usr/lib/python3/dist-packages/urllib3/connectionpool.py", line 601, in urlopen
    chunked=chunked)
  File "/usr/lib/python3/dist-packages/urllib3/connectionpool.py", line 346, in _make_request
    self._validate_conn(conn)
  File "/usr/lib/python3/dist-packages/urllib3/connectionpool.py", line 852, in _validate_conn
    conn.connect()
  File "/usr/lib/python3/dist-packages/urllib3/connection.py", line 298, in connect
    conn = self._new_conn()
  File "/usr/lib/python3/dist-packages/urllib3/connection.py", line 149, in _new_conn
    (self.host, self.timeout))
urllib3.exceptions.ConnectTimeoutError: (<urllib3.connection.VerifiedHTTPSConnection object at 0x7f49aa3588>, 'Connection to api.wandb.ai timed out. (connect timeout=10)')

During handling of the above exception, another exception occurred:

Traceback (most recent call last):
  File "/usr/local/lib/python3.6/dist-packages/requests/adapters.py", line 449, in send
    timeout=timeout
  File "/usr/lib/python3/dist-packages/urllib3/connectionpool.py", line 639, in urlopen
    _stacktrace=sys.exc_info()[2])
  File "/usr/lib/python3/dist-packages/urllib3/util/retry.py", line 398, in increment
    raise MaxRetryError(_pool, url, error or ResponseError(cause))
urllib3.exceptions.MaxRetryError: HTTPSConnectionPool(host='api.wandb.ai', port=443): Max retries exceeded with url: /graphql (Caused by ConnectTimeoutError(<urllib3.connection.VerifiedHTTPSConnection object at 0x7f49aa3588>, 'Connection to api.wandb.ai timed out. (connect timeout=10)'))

During handling of the above exception, another exception occurred:

Traceback (most recent call last):
  File "/home/michaellee/.local/lib/python3.6/site-packages/wandb/old/retry.py", line 96, in __call__
    result = self._call_fn(*args, **kwargs)
  File "/home/michaellee/.local/lib/python3.6/site-packages/wandb/sdk/internal/internal_api.py", line 123, in execute
    return self.client.execute(*args, **kwargs)
  File "/home/michaellee/.local/lib/python3.6/site-packages/wandb/vendor/gql-0.2.0/gql/client.py", line 52, in execute
    result = self._get_result(document, *args, **kwargs)
  File "/home/michaellee/.local/lib/python3.6/site-packages/wandb/vendor/gql-0.2.0/gql/client.py", line 60, in _get_result
    return self.transport.execute(document, *args, **kwargs)
  File "/home/michaellee/.local/lib/python3.6/site-packages/wandb/vendor/gql-0.2.0/gql/transport/requests.py", line 38, in execute
    request = requests.post(self.url, **post_args)
  File "/usr/local/lib/python3.6/dist-packages/requests/api.py", line 119, in post
    return request('post', url, data=data, json=json, **kwargs)
  File "/usr/local/lib/python3.6/dist-packages/requests/api.py", line 61, in request
    return session.request(method=method, url=url, **kwargs)
  File "/usr/local/lib/python3.6/dist-packages/requests/sessions.py", line 542, in request
    resp = self.send(prep, **send_kwargs)
  File "/usr/local/lib/python3.6/dist-packages/requests/sessions.py", line 655, in send
    r = adapter.send(request, **kwargs)
  File "/usr/local/lib/python3.6/dist-packages/requests/adapters.py", line 504, in send
    raise ConnectTimeout(e, request=request)
requests.exceptions.ConnectTimeout: HTTPSConnectionPool(host='api.wandb.ai', port=443): Max retries exceeded with url: /graphql (Caused by ConnectTimeoutError(<urllib3.connection.VerifiedHTTPSConnection object at 0x7f49aa3588>, 'Connection to api.wandb.ai timed out. (connect timeout=10)'))
2021-02-12 04:49:51,930 DEBUG   SenderThread:5588 [sender.py:send():117] send: stats
2021-02-12 04:49:51,932 DEBUG   SenderThread:5588 [sender.py:send():117] send: stats
2021-02-12 04:49:51,932 DEBUG   SenderThread:5588 [sender.py:send():117] send: stats
2021-02-12 04:49:51,933 DEBUG   SenderThread:5588 [sender.py:send():117] send: stats
2021-02-12 04:49:51,934 DEBUG   SenderThread:5588 [sender.py:send():117] send: stats
2021-02-12 04:49:51,934 DEBUG   SenderThread:5588 [sender.py:send():117] send: stats
2021-02-12 04:49:51,935 DEBUG   SenderThread:5588 [sender.py:send():117] send: stats
2021-02-12 04:49:51,935 DEBUG   SenderThread:5588 [sender.py:send():117] send: stats
2021-02-12 04:49:51,936 DEBUG   SenderThread:5588 [sender.py:send():117] send: stats
2021-02-12 04:49:51,937 DEBUG   SenderThread:5588 [sender.py:send():117] send: stats
2021-02-12 04:49:51,937 DEBUG   SenderThread:5588 [sender.py:send():117] send: stats
2021-02-12 04:49:51,938 DEBUG   SenderThread:5588 [sender.py:send():117] send: stats
2021-02-12 04:49:51,939 DEBUG   SenderThread:5588 [sender.py:send():117] send: stats
2021-02-12 04:49:54,110 DEBUG   SenderThread:5588 [sender.py:send():117] send: stats
2021-02-12 04:49:58,589 DEBUG   SenderThread:5588 [sender.py:send():117] send: stats
2021-02-12 04:50:03,090 DEBUG   SenderThread:5588 [sender.py:send():117] send: stats
2021-02-12 04:50:06,946 DEBUG   HandlerThread:5588 [handler.py:handle_request():94] handle_request: status
2021-02-12 04:50:06,948 DEBUG   SenderThread:5588 [sender.py:send():117] send: request
2021-02-12 04:50:06,949 DEBUG   SenderThread:5588 [sender.py:send_request():126] send_request: status
2021-02-12 04:50:07,586 DEBUG   SenderThread:5588 [sender.py:send():117] send: stats
2021-02-12 04:50:12,069 DEBUG   SenderThread:5588 [sender.py:send():117] send: stats
2021-02-12 04:50:16,575 DEBUG   SenderThread:5588 [sender.py:send():117] send: stats
2021-02-12 04:50:21,074 DEBUG   SenderThread:5588 [sender.py:send():117] send: stats
2021-02-12 04:50:22,386 DEBUG   HandlerThread:5588 [handler.py:handle_request():94] handle_request: status
2021-02-12 04:50:22,389 DEBUG   SenderThread:5588 [sender.py:send():117] send: request
2021-02-12 04:50:22,390 DEBUG   SenderThread:5588 [sender.py:send_request():126] send_request: status
2021-02-12 04:50:25,559 DEBUG   SenderThread:5588 [sender.py:send():117] send: stats
2021-02-12 04:50:30,051 DEBUG   SenderThread:5588 [sender.py:send():117] send: stats
2021-02-12 04:50:34,539 DEBUG   SenderThread:5588 [sender.py:send():117] send: stats
2021-02-12 04:50:37,960 DEBUG   HandlerThread:5588 [handler.py:handle_request():94] handle_request: status
2021-02-12 04:50:37,963 DEBUG   SenderThread:5588 [sender.py:send():117] send: request
2021-02-12 04:50:37,964 DEBUG   SenderThread:5588 [sender.py:send_request():126] send_request: status
2021-02-12 04:50:39,031 DEBUG   SenderThread:5588 [sender.py:send():117] send: stats
2021-02-12 04:50:43,518 DEBUG   SenderThread:5588 [sender.py:send():117] send: stats
2021-02-12 04:50:48,026 DEBUG   SenderThread:5588 [sender.py:send():117] send: stats
2021-02-12 04:50:52,527 DEBUG   SenderThread:5588 [sender.py:send():117] send: stats
2021-02-12 04:50:53,624 DEBUG   HandlerThread:5588 [handler.py:handle_request():94] handle_request: status
2021-02-12 04:50:53,627 DEBUG   SenderThread:5588 [sender.py:send():117] send: request
2021-02-12 04:50:53,634 DEBUG   SenderThread:5588 [sender.py:send_request():126] send_request: status
2021-02-12 04:50:57,038 DEBUG   SenderThread:5588 [sender.py:send():117] send: stats
2021-02-12 04:51:01,529 DEBUG   SenderThread:5588 [sender.py:send():117] send: stats
2021-02-12 04:51:06,026 DEBUG   SenderThread:5588 [sender.py:send():117] send: stats
2021-02-12 04:51:09,081 DEBUG   HandlerThread:5588 [handler.py:handle_request():94] handle_request: status
2021-02-12 04:51:09,084 DEBUG   SenderThread:5588 [sender.py:send():117] send: request
2021-02-12 04:51:09,085 DEBUG   SenderThread:5588 [sender.py:send_request():126] send_request: status
2021-02-12 04:51:10,526 DEBUG   SenderThread:5588 [sender.py:send():117] send: stats
2021-02-12 04:51:15,022 DEBUG   SenderThread:5588 [sender.py:send():117] send: stats
2021-02-12 04:51:19,531 DEBUG   SenderThread:5588 [sender.py:send():117] send: stats
2021-02-12 04:51:24,023 DEBUG   SenderThread:5588 [sender.py:send():117] send: stats
2021-02-12 04:51:24,652 DEBUG   HandlerThread:5588 [handler.py:handle_request():94] handle_request: status
2021-02-12 04:51:24,659 DEBUG   SenderThread:5588 [sender.py:send():117] send: request
2021-02-12 04:51:24,662 DEBUG   SenderThread:5588 [sender.py:send_request():126] send_request: status
2021-02-12 04:51:28,502 DEBUG   SenderThread:5588 [sender.py:send():117] send: stats
2021-02-12 04:51:33,007 DEBUG   SenderThread:5588 [sender.py:send():117] send: stats
2021-02-12 04:51:37,510 DEBUG   SenderThread:5588 [sender.py:send():117] send: stats
2021-02-12 04:51:40,105 DEBUG   HandlerThread:5588 [handler.py:handle_request():94] handle_request: status
2021-02-12 04:51:40,109 DEBUG   SenderThread:5588 [sender.py:send():117] send: request
2021-02-12 04:51:40,109 DEBUG   SenderThread:5588 [sender.py:send_request():126] send_request: status
2021-02-12 04:51:42,296 DEBUG   SenderThread:5588 [sender.py:send():117] send: stats
2021-02-12 04:51:46,479 DEBUG   SenderThread:5588 [sender.py:send():117] send: stats
2021-02-12 04:51:50,978 DEBUG   SenderThread:5588 [sender.py:send():117] send: stats
2021-02-12 04:51:55,462 DEBUG   SenderThread:5588 [sender.py:send():117] send: stats
2021-02-12 04:51:57,312 DEBUG   HandlerThread:5588 [handler.py:handle_request():94] handle_request: status
2021-02-12 04:51:57,316 DEBUG   SenderThread:5588 [sender.py:send():117] send: request
2021-02-12 04:51:57,316 DEBUG   SenderThread:5588 [sender.py:send_request():126] send_request: status
2021-02-12 04:51:59,946 DEBUG   SenderThread:5588 [sender.py:send():117] send: stats
2021-02-12 04:52:04,452 DEBUG   SenderThread:5588 [sender.py:send():117] send: stats
2021-02-12 04:52:08,954 DEBUG   SenderThread:5588 [sender.py:send():117] send: stats
2021-02-12 04:52:13,286 DEBUG   HandlerThread:5588 [handler.py:handle_request():94] handle_request: status
2021-02-12 04:52:13,290 DEBUG   SenderThread:5588 [sender.py:send():117] send: request
2021-02-12 04:52:13,291 DEBUG   SenderThread:5588 [sender.py:send_request():126] send_request: status
2021-02-12 04:52:13,836 DEBUG   SenderThread:5588 [sender.py:send():117] send: stats
2021-02-12 04:52:17,938 DEBUG   SenderThread:5588 [sender.py:send():117] send: stats
2021-02-12 04:52:22,442 DEBUG   SenderThread:5588 [sender.py:send():117] send: stats
2021-02-12 04:52:26,945 DEBUG   SenderThread:5588 [sender.py:send():117] send: stats
2021-02-12 04:52:28,854 DEBUG   HandlerThread:5588 [handler.py:handle_request():94] handle_request: status
2021-02-12 04:52:28,857 DEBUG   SenderThread:5588 [sender.py:send():117] send: request
2021-02-12 04:52:28,859 DEBUG   SenderThread:5588 [sender.py:send_request():126] send_request: status
2021-02-12 04:52:31,454 DEBUG   SenderThread:5588 [sender.py:send():117] send: stats
2021-02-12 04:52:35,952 DEBUG   SenderThread:5588 [sender.py:send():117] send: stats
2021-02-12 04:52:40,454 DEBUG   SenderThread:5588 [sender.py:send():117] send: stats
2021-02-12 04:52:44,521 DEBUG   HandlerThread:5588 [handler.py:handle_request():94] handle_request: status
2021-02-12 04:52:44,524 DEBUG   SenderThread:5588 [sender.py:send():117] send: request
2021-02-12 04:52:44,526 DEBUG   SenderThread:5588 [sender.py:send_request():126] send_request: status
2021-02-12 04:52:45,067 DEBUG   SenderThread:5588 [sender.py:send():117] send: stats
2021-02-12 04:52:49,443 DEBUG   SenderThread:5588 [sender.py:send():117] send: stats
2021-02-12 04:52:53,938 DEBUG   SenderThread:5588 [sender.py:send():117] send: stats
2021-02-12 04:52:58,430 DEBUG   SenderThread:5588 [sender.py:send():117] send: stats
2021-02-12 04:53:00,080 DEBUG   HandlerThread:5588 [handler.py:handle_request():94] handle_request: status
2021-02-12 04:53:00,086 DEBUG   SenderThread:5588 [sender.py:send():117] send: request
2021-02-12 04:53:00,087 DEBUG   SenderThread:5588 [sender.py:send_request():126] send_request: status
2021-02-12 04:53:02,932 DEBUG   SenderThread:5588 [sender.py:send():117] send: stats
2021-02-12 04:53:07,419 DEBUG   SenderThread:5588 [sender.py:send():117] send: stats
2021-02-12 04:53:11,914 DEBUG   SenderThread:5588 [sender.py:send():117] send: stats
2021-02-12 04:53:15,541 DEBUG   HandlerThread:5588 [handler.py:handle_request():94] handle_request: status
2021-02-12 04:53:15,544 DEBUG   SenderThread:5588 [sender.py:send():117] send: request
2021-02-12 04:53:15,545 DEBUG   SenderThread:5588 [sender.py:send_request():126] send_request: status
2021-02-12 04:53:16,396 DEBUG   SenderThread:5588 [sender.py:send():117] send: stats
2021-02-12 04:53:20,894 DEBUG   SenderThread:5588 [sender.py:send():117] send: stats
2021-02-12 04:53:25,390 DEBUG   SenderThread:5588 [sender.py:send():117] send: stats
2021-02-12 04:53:29,876 DEBUG   SenderThread:5588 [sender.py:send():117] send: stats
2021-02-12 04:53:31,216 DEBUG   HandlerThread:5588 [handler.py:handle_request():94] handle_request: status
2021-02-12 04:53:31,220 DEBUG   SenderThread:5588 [sender.py:send():117] send: request
2021-02-12 04:53:31,222 DEBUG   SenderThread:5588 [sender.py:send_request():126] send_request: status
2021-02-12 04:53:34,375 DEBUG   SenderThread:5588 [sender.py:send():117] send: stats
2021-02-12 04:53:38,875 DEBUG   SenderThread:5588 [sender.py:send():117] send: stats
2021-02-12 04:53:43,383 DEBUG   SenderThread:5588 [sender.py:send():117] send: stats
2021-02-12 04:53:46,875 DEBUG   HandlerThread:5588 [handler.py:handle_request():94] handle_request: status
2021-02-12 04:53:46,878 DEBUG   SenderThread:5588 [sender.py:send():117] send: request
2021-02-12 04:53:46,880 DEBUG   SenderThread:5588 [sender.py:send_request():126] send_request: status
2021-02-12 04:53:47,870 DEBUG   SenderThread:5588 [sender.py:send():117] send: stats
2021-02-12 04:53:52,372 DEBUG   SenderThread:5588 [sender.py:send():117] send: stats
2021-02-12 04:53:56,873 DEBUG   SenderThread:5588 [sender.py:send():117] send: stats
2021-02-12 04:54:01,353 DEBUG   SenderThread:5588 [sender.py:send():117] send: stats
2021-02-12 04:54:02,542 DEBUG   HandlerThread:5588 [handler.py:handle_request():94] handle_request: status
2021-02-12 04:54:02,549 DEBUG   SenderThread:5588 [sender.py:send():117] send: request
2021-02-12 04:54:02,552 DEBUG   SenderThread:5588 [sender.py:send_request():126] send_request: status
2021-02-12 04:54:05,849 DEBUG   SenderThread:5588 [sender.py:send():117] send: stats
2021-02-12 04:54:10,350 DEBUG   SenderThread:5588 [sender.py:send():117] send: stats
2021-02-12 04:54:14,851 DEBUG   SenderThread:5588 [sender.py:send():117] send: stats
2021-02-12 04:54:17,989 DEBUG   HandlerThread:5588 [handler.py:handle_request():94] handle_request: status
2021-02-12 04:54:17,990 DEBUG   SenderThread:5588 [sender.py:send():117] send: request
2021-02-12 04:54:17,990 DEBUG   SenderThread:5588 [sender.py:send_request():126] send_request: status
2021-02-12 04:54:19,334 DEBUG   SenderThread:5588 [sender.py:send():117] send: stats
2021-02-12 04:54:23,825 DEBUG   SenderThread:5588 [sender.py:send():117] send: stats
2021-02-12 04:54:28,301 DEBUG   SenderThread:5588 [sender.py:send():117] send: stats
2021-02-12 04:54:32,803 DEBUG   SenderThread:5588 [sender.py:send():117] send: stats
2021-02-12 04:54:34,074 DEBUG   HandlerThread:5588 [handler.py:handle_request():94] handle_request: status
2021-02-12 04:54:34,077 DEBUG   SenderThread:5588 [sender.py:send():117] send: request
2021-02-12 04:54:34,078 DEBUG   SenderThread:5588 [sender.py:send_request():126] send_request: status
2021-02-12 04:54:37,294 DEBUG   SenderThread:5588 [sender.py:send():117] send: stats
2021-02-12 04:54:41,800 DEBUG   SenderThread:5588 [sender.py:send():117] send: stats
2021-02-12 04:54:46,304 DEBUG   SenderThread:5588 [sender.py:send():117] send: stats
2021-02-12 04:54:49,643 DEBUG   HandlerThread:5588 [handler.py:handle_request():94] handle_request: status
2021-02-12 04:54:49,646 DEBUG   SenderThread:5588 [sender.py:send():117] send: request
2021-02-12 04:54:49,648 DEBUG   SenderThread:5588 [sender.py:send_request():126] send_request: status
2021-02-12 04:54:50,805 DEBUG   SenderThread:5588 [sender.py:send():117] send: stats
2021-02-12 04:54:55,305 DEBUG   SenderThread:5588 [sender.py:send():117] send: stats
2021-02-12 04:54:59,805 DEBUG   SenderThread:5588 [sender.py:send():117] send: stats
2021-02-12 04:55:04,302 DEBUG   SenderThread:5588 [sender.py:send():117] send: stats
2021-02-12 04:55:05,102 DEBUG   HandlerThread:5588 [handler.py:handle_request():94] handle_request: status
2021-02-12 04:55:05,106 DEBUG   SenderThread:5588 [sender.py:send():117] send: request
2021-02-12 04:55:05,108 DEBUG   SenderThread:5588 [sender.py:send_request():126] send_request: status
2021-02-12 04:55:08,812 DEBUG   SenderThread:5588 [sender.py:send():117] send: stats
2021-02-12 04:55:13,293 DEBUG   SenderThread:5588 [sender.py:send():117] send: stats
2021-02-12 04:55:17,798 DEBUG   SenderThread:5588 [sender.py:send():117] send: stats
2021-02-12 04:55:20,769 DEBUG   HandlerThread:5588 [handler.py:handle_request():94] handle_request: status
2021-02-12 04:55:20,772 DEBUG   SenderThread:5588 [sender.py:send():117] send: request
2021-02-12 04:55:20,773 DEBUG   SenderThread:5588 [sender.py:send_request():126] send_request: status
2021-02-12 04:55:22,285 DEBUG   SenderThread:5588 [sender.py:send():117] send: stats
2021-02-12 04:55:26,792 DEBUG   SenderThread:5588 [sender.py:send():117] send: stats
2021-02-12 04:55:31,298 DEBUG   SenderThread:5588 [sender.py:send():117] send: stats
2021-02-12 04:55:35,799 DEBUG   SenderThread:5588 [sender.py:send():117] send: stats
2021-02-12 04:55:36,323 DEBUG   HandlerThread:5588 [handler.py:handle_request():94] handle_request: status
2021-02-12 04:55:36,325 DEBUG   SenderThread:5588 [sender.py:send():117] send: request
2021-02-12 04:55:36,326 DEBUG   SenderThread:5588 [sender.py:send_request():126] send_request: status
2021-02-12 04:55:40,279 DEBUG   SenderThread:5588 [sender.py:send():117] send: stats
2021-02-12 04:55:44,774 DEBUG   SenderThread:5588 [sender.py:send():117] send: stats
2021-02-12 04:55:49,280 DEBUG   SenderThread:5588 [sender.py:send():117] send: stats
2021-02-12 04:55:52,002 DEBUG   HandlerThread:5588 [handler.py:handle_request():94] handle_request: status
2021-02-12 04:55:52,006 DEBUG   SenderThread:5588 [sender.py:send():117] send: request
2021-02-12 04:55:52,008 DEBUG   SenderThread:5588 [sender.py:send_request():126] send_request: status
2021-02-12 04:55:53,758 DEBUG   SenderThread:5588 [sender.py:send():117] send: stats
2021-02-12 04:55:58,260 DEBUG   SenderThread:5588 [sender.py:send():117] send: stats
2021-02-12 04:56:02,748 DEBUG   SenderThread:5588 [sender.py:send():117] send: stats
2021-02-12 04:56:07,248 DEBUG   SenderThread:5588 [sender.py:send():117] send: stats
2021-02-12 04:56:07,572 DEBUG   HandlerThread:5588 [handler.py:handle_request():94] handle_request: status
2021-02-12 04:56:07,575 DEBUG   SenderThread:5588 [sender.py:send():117] send: request
2021-02-12 04:56:07,576 DEBUG   SenderThread:5588 [sender.py:send_request():126] send_request: status
2021-02-12 04:56:11,744 DEBUG   SenderThread:5588 [sender.py:send():117] send: stats
2021-02-12 04:56:16,247 DEBUG   SenderThread:5588 [sender.py:send():117] send: stats
2021-02-12 04:56:20,739 DEBUG   SenderThread:5588 [sender.py:send():117] send: stats
2021-02-12 04:56:23,642 DEBUG   HandlerThread:5588 [handler.py:handle_request():94] handle_request: status
2021-02-12 04:56:23,644 DEBUG   SenderThread:5588 [sender.py:send():117] send: request
2021-02-12 04:56:23,645 DEBUG   SenderThread:5588 [sender.py:send_request():126] send_request: status
2021-02-12 04:56:25,234 DEBUG   SenderThread:5588 [sender.py:send():117] send: stats
2021-02-12 04:56:29,731 DEBUG   SenderThread:5588 [sender.py:send():117] send: stats
2021-02-12 04:56:34,209 DEBUG   SenderThread:5588 [sender.py:send():117] send: stats
2021-02-12 04:56:38,715 DEBUG   SenderThread:5588 [sender.py:send():117] send: stats
2021-02-12 04:56:39,309 DEBUG   HandlerThread:5588 [handler.py:handle_request():94] handle_request: status
2021-02-12 04:56:39,312 DEBUG   SenderThread:5588 [sender.py:send():117] send: request
2021-02-12 04:56:39,313 DEBUG   SenderThread:5588 [sender.py:send_request():126] send_request: status
2021-02-12 04:56:43,202 DEBUG   SenderThread:5588 [sender.py:send():117] send: stats
2021-02-12 04:56:47,701 DEBUG   SenderThread:5588 [sender.py:send():117] send: stats
2021-02-12 04:56:52,189 DEBUG   SenderThread:5588 [sender.py:send():117] send: stats
2021-02-12 04:56:54,761 DEBUG   HandlerThread:5588 [handler.py:handle_request():94] handle_request: status
2021-02-12 04:56:54,763 DEBUG   SenderThread:5588 [sender.py:send():117] send: request
2021-02-12 04:56:54,764 DEBUG   SenderThread:5588 [sender.py:send_request():126] send_request: status
2021-02-12 04:56:56,692 DEBUG   SenderThread:5588 [sender.py:send():117] send: stats
2021-02-12 04:57:01,182 DEBUG   SenderThread:5588 [sender.py:send():117] send: stats
2021-02-12 04:57:05,674 DEBUG   SenderThread:5588 [sender.py:send():117] send: stats
2021-02-12 04:57:10,182 DEBUG   SenderThread:5588 [sender.py:send():117] send: stats
2021-02-12 04:57:10,333 DEBUG   HandlerThread:5588 [handler.py:handle_request():94] handle_request: status
2021-02-12 04:57:10,335 DEBUG   SenderThread:5588 [sender.py:send():117] send: request
2021-02-12 04:57:10,336 DEBUG   SenderThread:5588 [sender.py:send_request():126] send_request: status
2021-02-12 04:57:14,666 DEBUG   SenderThread:5588 [sender.py:send():117] send: stats
2021-02-12 04:57:19,170 DEBUG   SenderThread:5588 [sender.py:send():117] send: stats
2021-02-12 04:57:23,657 DEBUG   SenderThread:5588 [sender.py:send():117] send: stats
2021-02-12 04:57:25,794 DEBUG   HandlerThread:5588 [handler.py:handle_request():94] handle_request: status
2021-02-12 04:57:25,798 DEBUG   SenderThread:5588 [sender.py:send():117] send: request
2021-02-12 04:57:25,799 DEBUG   SenderThread:5588 [sender.py:send_request():126] send_request: status
2021-02-12 04:57:28,139 DEBUG   SenderThread:5588 [sender.py:send():117] send: stats
2021-02-12 04:57:32,647 DEBUG   SenderThread:5588 [sender.py:send():117] send: stats
2021-02-12 04:57:37,135 DEBUG   SenderThread:5588 [sender.py:send():117] send: stats
2021-02-12 04:57:41,462 DEBUG   HandlerThread:5588 [handler.py:handle_request():94] handle_request: status
2021-02-12 04:57:41,466 DEBUG   SenderThread:5588 [sender.py:send():117] send: request
2021-02-12 04:57:41,467 DEBUG   SenderThread:5588 [sender.py:send_request():126] send_request: status
2021-02-12 04:57:41,908 DEBUG   SenderThread:5588 [sender.py:send():117] send: stats
2021-02-12 04:57:46,111 DEBUG   SenderThread:5588 [sender.py:send():117] send: stats
2021-02-12 04:57:50,620 DEBUG   SenderThread:5588 [sender.py:send():117] send: stats
2021-02-12 04:57:55,114 DEBUG   SenderThread:5588 [sender.py:send():117] send: stats
2021-02-12 04:57:56,925 DEBUG   HandlerThread:5588 [handler.py:handle_request():94] handle_request: status
2021-02-12 04:57:56,928 DEBUG   SenderThread:5588 [sender.py:send():117] send: request
2021-02-12 04:57:56,929 DEBUG   SenderThread:5588 [sender.py:send_request():126] send_request: status
2021-02-12 04:57:59,625 DEBUG   SenderThread:5588 [sender.py:send():117] send: stats
2021-02-12 04:58:04,126 DEBUG   SenderThread:5588 [sender.py:send():117] send: stats
2021-02-12 04:58:08,630 DEBUG   SenderThread:5588 [sender.py:send():117] send: stats
2021-02-12 04:58:12,691 DEBUG   HandlerThread:5588 [handler.py:handle_request():94] handle_request: status
2021-02-12 04:58:12,694 DEBUG   SenderThread:5588 [sender.py:send():117] send: request
2021-02-12 04:58:12,695 DEBUG   SenderThread:5588 [sender.py:send_request():126] send_request: status
2021-02-12 04:58:14,981 DEBUG   SenderThread:5588 [sender.py:send():117] send: stats
2021-02-12 04:58:17,623 DEBUG   SenderThread:5588 [sender.py:send():117] send: stats
2021-02-12 04:58:22,126 DEBUG   SenderThread:5588 [sender.py:send():117] send: stats
2021-02-12 04:58:26,627 DEBUG   SenderThread:5588 [sender.py:send():117] send: stats
2021-02-12 04:58:29,992 DEBUG   HandlerThread:5588 [handler.py:handle_request():94] handle_request: status
2021-02-12 04:58:29,995 DEBUG   SenderThread:5588 [sender.py:send():117] send: request
2021-02-12 04:58:29,996 DEBUG   SenderThread:5588 [sender.py:send_request():126] send_request: status
2021-02-12 04:58:31,774 DEBUG   SenderThread:5588 [sender.py:send():117] send: stats
2021-02-12 04:58:35,618 DEBUG   SenderThread:5588 [sender.py:send():117] send: stats
2021-02-12 04:58:40,118 DEBUG   SenderThread:5588 [sender.py:send():117] send: stats
                                                                                                                                                                                                                                                                                                                                                                                                                                                                                                                                                                                                                                                            