2021-02-12 03:34:25,302 INFO    MainThread:15685 [internal.py:wandb_internal():91] W&B internal server running at pid: 15685, started at: 2021-02-12 03:34:25.301996
2021-02-12 03:34:25,309 DEBUG   SenderThread:15685 [sender.py:send():117] send: header
2021-02-12 03:34:25,310 DEBUG   HandlerThread:15685 [handler.py:handle_request():94] handle_request: check_version
2021-02-12 03:34:25,311 DEBUG   SenderThread:15685 [sender.py:send():117] send: request
2021-02-12 03:34:25,311 DEBUG   SenderThread:15685 [sender.py:send_request():126] send_request: check_version
2021-02-12 03:34:25,312 INFO    WriterThread:15685 [datastore.py:open_for_write():77] open: /home/michaellee/FedML/FedML-Server/wandb/run-20210212_033423-2rxu0pwa/run-2rxu0pwa.wandb
2021-02-12 03:34:25,726 DEBUG   SenderThread:15685 [sender.py:send():117] send: run
2021-02-12 03:34:26,526 INFO    SenderThread:15685 [sender.py:_start_run_threads():596] run started: 2rxu0pwa with start time 1613072063
2021-02-12 03:34:26,545 DEBUG   SenderThread:15685 [sender.py:send():117] send: summary
2021-02-12 03:34:26,546 INFO    SenderThread:15685 [sender.py:_save_file():682] saving file wandb-summary.json with policy end
2021-02-12 03:34:26,556 DEBUG   HandlerThread:15685 [handler.py:handle_request():94] handle_request: run_start
2021-02-12 03:34:31,949 DEBUG   HandlerThread:15685 [meta.py:__init__():34] meta init
2021-02-12 03:34:31,949 DEBUG   HandlerThread:15685 [meta.py:__init__():48] meta init done
2021-02-12 03:34:31,950 DEBUG   HandlerThread:15685 [meta.py:probe():190] probe
2021-02-12 03:34:31,954 DEBUG   HandlerThread:15685 [meta.py:_setup_git():180] setup git
2021-02-12 03:34:32,013 DEBUG   HandlerThread:15685 [meta.py:_setup_git():187] setup git done
2021-02-12 03:34:32,014 DEBUG   HandlerThread:15685 [meta.py:_save_pip():52] save pip
2021-02-12 03:34:32,015 DEBUG   HandlerThread:15685 [meta.py:_save_pip():66] save pip done
2021-02-12 03:34:32,015 DEBUG   HandlerThread:15685 [meta.py:probe():231] probe done
2021-02-12 03:34:32,029 DEBUG   HandlerThread:15685 [handler.py:handle_request():94] handle_request: status
2021-02-12 03:34:32,029 DEBUG   SenderThread:15685 [sender.py:send():117] send: request
2021-02-12 03:34:32,030 DEBUG   SenderThread:15685 [sender.py:send_request():126] send_request: status
2021-02-12 03:34:32,712 DEBUG   SenderThread:15685 [sender.py:send():117] send: files
2021-02-12 03:34:32,712 INFO    SenderThread:15685 [sender.py:_save_file():682] saving file wandb-metadata.json with policy now
2021-02-12 03:34:35,305 DEBUG   SenderThread:15685 [sender.py:send():117] send: stats
2021-02-12 03:34:39,751 DEBUG   SenderThread:15685 [sender.py:send():117] send: stats
2021-02-12 03:34:44,180 DEBUG   SenderThread:15685 [sender.py:send():117] send: stats
2021-02-12 03:34:48,605 DEBUG   SenderThread:15685 [sender.py:send():117] send: stats
2021-02-12 03:34:53,028 DEBUG   SenderThread:15685 [sender.py:send():117] send: stats
2021-02-12 03:34:57,449 DEBUG   SenderThread:15685 [sender.py:send():117] send: stats
2021-02-12 03:35:01,872 DEBUG   SenderThread:15685 [sender.py:send():117] send: stats
2021-02-12 03:35:06,298 DEBUG   SenderThread:15685 [sender.py:send():117] send: stats
2021-02-12 03:35:10,721 DEBUG   SenderThread:15685 [sender.py:send():117] send: stats
2021-02-12 03:35:15,143 DEBUG   SenderThread:15685 [sender.py:send():117] send: stats
2021-02-12 03:35:19,563 DEBUG   SenderThread:15685 [sender.py:send():117] send: stats
2021-02-12 03:35:23,989 DEBUG   SenderThread:15685 [sender.py:send():117] send: stats
2021-02-12 03:35:28,410 DEBUG   SenderThread:15685 [sender.py:send():117] send: stats
2021-02-12 03:35:32,831 DEBUG   SenderThread:15685 [sender.py:send():117] send: stats
2021-02-12 03:35:37,252 DEBUG   SenderThread:15685 [sender.py:send():117] send: stats
2021-02-12 03:35:41,676 DEBUG   SenderThread:15685 [sender.py:send():117] send: stats
2021-02-12 03:35:46,101 DEBUG   SenderThread:15685 [sender.py:send():117] send: stats
2021-02-12 03:35:47,721 DEBUG   HandlerThread:15685 [handler.py:handle_request():94] handle_request: status
2021-02-12 03:35:47,736 DEBUG   SenderThread:15685 [sender.py:send():117] send: request
2021-02-12 03:35:47,736 DEBUG   SenderThread:15685 [sender.py:send_request():126] send_request: status
2021-02-12 03:35:50,572 DEBUG   SenderThread:15685 [sender.py:send():117] send: stats
2021-02-12 03:35:54,999 DEBUG   SenderThread:15685 [sender.py:send():117] send: stats
2021-02-12 03:35:59,423 DEBUG   SenderThread:15685 [sender.py:send():117] send: stats
2021-02-12 03:36:03,848 DEBUG   SenderThread:15685 [sender.py:send():117] send: stats
2021-02-12 03:36:08,273 DEBUG   SenderThread:15685 [sender.py:send():117] send: stats
2021-02-12 03:36:11,808 DEBUG   HandlerThread:15685 [handler.py:handle_request():94] handle_request: status
2021-02-12 03:36:11,811 DEBUG   SenderThread:15685 [sender.py:send():117] send: request
2021-02-12 03:36:11,812 DEBUG   SenderThread:15685 [sender.py:send_request():126] send_request: status
2021-02-12 03:36:12,725 DEBUG   SenderThread:15685 [sender.py:send():117] send: stats
2021-02-12 03:36:17,227 DEBUG   SenderThread:15685 [sender.py:send():117] send: stats
2021-02-12 03:36:21,722 DEBUG   SenderThread:15685 [sender.py:send():117] send: stats
2021-02-12 03:36:26,221 DEBUG   SenderThread:15685 [sender.py:send():117] send: stats
2021-02-12 03:36:27,174 DEBUG   HandlerThread:15685 [handler.py:handle_request():94] handle_request: status
2021-02-12 03:36:27,178 DEBUG   SenderThread:15685 [sender.py:send():117] send: request
2021-02-12 03:36:27,179 DEBUG   SenderThread:15685 [sender.py:send_request():126] send_request: status
2021-02-12 03:36:30,722 DEBUG   SenderThread:15685 [sender.py:send():117] send: stats
2021-02-12 03:36:35,227 DEBUG   SenderThread:15685 [sender.py:send():117] send: stats
2021-02-12 03:36:39,725 DEBUG   SenderThread:15685 [sender.py:send():117] send: stats
2021-02-12 03:36:42,686 DEBUG   HandlerThread:15685 [handler.py:handle_request():94] handle_request: status
2021-02-12 03:36:42,690 DEBUG   SenderThread:15685 [sender.py:send():117] send: request
2021-02-12 03:36:42,692 DEBUG   SenderThread:15685 [sender.py:send_request():126] send_request: status
2021-02-12 03:36:44,236 DEBUG   SenderThread:15685 [sender.py:send():117] send: stats
2021-02-12 03:36:48,738 DEBUG   SenderThread:15685 [sender.py:send():117] send: stats
2021-02-12 03:36:53,239 DEBUG   SenderThread:15685 [sender.py:send():117] send: stats
2021-02-12 03:36:57,730 DEBUG   SenderThread:15685 [sender.py:send():117] send: stats
2021-02-12 03:36:58,317 DEBUG   HandlerThread:15685 [handler.py:handle_request():94] handle_request: status
2021-02-12 03:36:58,321 DEBUG   SenderThread:15685 [sender.py:send():117] send: request
2021-02-12 03:36:58,327 DEBUG   SenderThread:15685 [sender.py:send_request():126] send_request: status
2021-02-12 03:37:02,233 DEBUG   SenderThread:15685 [sender.py:send():117] send: stats
2021-02-12 03:37:06,740 DEBUG   SenderThread:15685 [sender.py:send():117] send: stats
2021-02-12 03:37:11,221 DEBUG   SenderThread:15685 [sender.py:send():117] send: stats
2021-02-12 03:37:13,778 DEBUG   HandlerThread:15685 [handler.py:handle_request():94] handle_request: status
2021-02-12 03:37:13,781 DEBUG   SenderThread:15685 [sender.py:send():117] send: request
2021-02-12 03:37:13,782 DEBUG   SenderThread:15685 [sender.py:send_request():126] send_request: status
2021-02-12 03:37:15,722 DEBUG   SenderThread:15685 [sender.py:send():117] send: stats
2021-02-12 03:37:20,209 DEBUG   SenderThread:15685 [sender.py:send():117] send: stats
2021-02-12 03:37:24,712 DEBUG   SenderThread:15685 [sender.py:send():117] send: stats
2021-02-12 03:37:29,215 DEBUG   SenderThread:15685 [sender.py:send():117] send: stats
2021-02-12 03:37:29,341 DEBUG   HandlerThread:15685 [handler.py:handle_request():94] handle_request: status
2021-02-12 03:37:29,345 DEBUG   SenderThread:15685 [sender.py:send():117] send: request
2021-02-12 03:37:29,345 DEBUG   SenderThread:15685 [sender.py:send_request():126] send_request: status
2021-02-12 03:37:33,690 DEBUG   SenderThread:15685 [sender.py:send():117] send: stats
2021-02-12 03:37:38,197 DEBUG   SenderThread:15685 [sender.py:send():117] send: stats
2021-02-12 03:37:42,700 DEBUG   SenderThread:15685 [sender.py:send():117] send: stats
2021-02-12 03:37:45,022 DEBUG   HandlerThread:15685 [handler.py:handle_request():94] handle_request: status
2021-02-12 03:37:45,026 DEBUG   SenderThread:15685 [sender.py:send():117] send: request
2021-02-12 03:37:45,027 DEBUG   SenderThread:15685 [sender.py:send_request():126] send_request: status
2021-02-12 03:37:47,213 DEBUG   SenderThread:15685 [sender.py:send():117] send: stats
2021-02-12 03:37:51,730 DEBUG   SenderThread:15685 [sender.py:send():117] send: stats
2021-02-12 03:37:56,225 DEBUG   SenderThread:15685 [sender.py:send():117] send: stats
2021-02-12 03:38:00,486 DEBUG   HandlerThread:15685 [handler.py:handle_request():94] handle_request: status
2021-02-12 03:38:00,489 DEBUG   SenderThread:15685 [sender.py:send():117] send: request
2021-02-12 03:38:00,491 DEBUG   SenderThread:15685 [sender.py:send_request():126] send_request: status
2021-02-12 03:38:01,021 DEBUG   SenderThread:15685 [sender.py:send():117] send: stats
2021-02-12 03:38:05,217 DEBUG   SenderThread:15685 [sender.py:send():117] send: stats
2021-02-12 03:38:09,731 DEBUG   SenderThread:15685 [sender.py:send():117] send: stats
2021-02-12 03:38:14,227 DEBUG   SenderThread:15685 [sender.py:send():117] send: stats
2021-02-12 03:38:16,037 DEBUG   HandlerThread:15685 [handler.py:handle_request():94] handle_request: status
2021-02-12 03:38:16,040 DEBUG   SenderThread:15685 [sender.py:send():117] send: request
2021-02-12 03:38:16,042 DEBUG   SenderThread:15685 [sender.py:send_request():126] send_request: status
2021-02-12 03:38:18,730 DEBUG   SenderThread:15685 [sender.py:send():117] send: stats
2021-02-12 03:38:23,226 DEBUG   SenderThread:15685 [sender.py:send():117] send: stats
2021-02-12 03:38:27,732 DEBUG   SenderThread:15685 [sender.py:send():117] send: stats
2021-02-12 03:38:31,706 DEBUG   HandlerThread:15685 [handler.py:handle_request():94] handle_request: status
2021-02-12 03:38:31,707 DEBUG   SenderThread:15685 [sender.py:send():117] send: request
2021-02-12 03:38:31,707 DEBUG   SenderThread:15685 [sender.py:send_request():126] send_request: status
2021-02-12 03:38:32,367 DEBUG   SenderThread:15685 [sender.py:send():117] send: stats
2021-02-12 03:38:36,709 DEBUG   SenderThread:15685 [sender.py:send():117] send: stats
2021-02-12 03:38:41,206 DEBUG   SenderThread:15685 [sender.py:send():117] send: stats
2021-02-12 03:38:45,700 DEBUG   SenderThread:15685 [sender.py:send():117] send: stats
2021-02-12 03:38:47,383 DEBUG   HandlerThread:15685 [handler.py:handle_request():94] handle_request: status
2021-02-12 03:38:47,392 DEBUG   SenderThread:15685 [sender.py:send():117] send: request
2021-02-12 03:38:47,392 DEBUG   SenderThread:15685 [sender.py:send_request():126] send_request: status
2021-02-12 03:39:20,543 ERROR   SenderThread:15685 [retry.py:__call__():111] Retry attempt failed:
Traceback (most recent call last):
  File "/usr/lib/python3/dist-packages/urllib3/connection.py", line 144, in _new_conn
    (self.host, self.port), self.timeout, **extra_kw)
  File "/usr/lib/python3/dist-packages/urllib3/util/connection.py", line 83, in create_connection
    raise err
  File "/usr/lib/python3/dist-packages/urllib3/util/connection.py", line 73, in create_connection
    sock.connect(sa)
socket.timeout: timed out

During handling of the above exception, another exception occurred:

Traceback (most recent call last):
  File "/usr/lib/python3/dist-packages/urllib3/connectionpool.py", line 601, in urlopen
    chunked=chunked)
  File "/usr/lib/python3/dist-packages/urllib3/connectionpool.py", line 346, in _make_request
    self._validate_conn(conn)
  File "/usr/lib/python3/dist-packages/urllib3/connectionpool.py", line 852, in _validate_conn
    conn.connect()
  File "/usr/lib/python3/dist-packages/urllib3/connection.py", line 298, in connect
    conn = self._new_conn()
  File "/usr/lib/python3/dist-packages/urllib3/connection.py", line 149, in _new_conn
    (self.host, self.timeout))
urllib3.exceptions.ConnectTimeoutError: (<urllib3.connection.VerifiedHTTPSConnection object at 0x7f40729390>, 'Connection to api.wandb.ai timed out. (connect timeout=10)')

During handling of the above exception, another exception occurred:

Traceback (most recent call last):
  File "/usr/local/lib/python3.6/dist-packages/requests/adapters.py", line 449, in send
    timeout=timeout
  File "/usr/lib/python3/dist-packages/urllib3/connectionpool.py", line 639, in urlopen
    _stacktrace=sys.exc_info()[2])
  File "/usr/lib/python3/dist-packages/urllib3/util/retry.py", line 398, in increment
    raise MaxRetryError(_pool, url, error or ResponseError(cause))
urllib3.exceptions.MaxRetryError: HTTPSConnectionPool(host='api.wandb.ai', port=443): Max retries exceeded with url: /graphql (Caused by ConnectTimeoutError(<urllib3.connection.VerifiedHTTPSConnection object at 0x7f40729390>, 'Connection to api.wandb.ai timed out. (connect timeout=10)'))

During handling of the above exception, another exception occurred:

Traceback (most recent call last):
  File "/home/michaellee/.local/lib/python3.6/site-packages/wandb/old/retry.py", line 96, in __call__
    result = self._call_fn(*args, **kwargs)
  File "/home/michaellee/.local/lib/python3.6/site-packages/wandb/sdk/internal/internal_api.py", line 123, in execute
    return self.client.execute(*args, **kwargs)
  File "/home/michaellee/.local/lib/python3.6/site-packages/wandb/vendor/gql-0.2.0/gql/client.py", line 52, in execute
    result = self._get_result(document, *args, **kwargs)
  File "/home/michaellee/.local/lib/python3.6/site-packages/wandb/vendor/gql-0.2.0/gql/client.py", line 60, in _get_result
    return self.transport.execute(document, *args, **kwargs)
  File "/home/michaellee/.local/lib/python3.6/site-packages/wandb/vendor/gql-0.2.0/gql/transport/requests.py", line 38, in execute
    request = requests.post(self.url, **post_args)
  File "/usr/local/lib/python3.6/dist-packages/requests/api.py", line 119, in post
    return request('post', url, data=data, json=json, **kwargs)
  File "/usr/local/lib/python3.6/dist-packages/requests/api.py", line 61, in request
    return session.request(method=method, url=url, **kwargs)
  File "/usr/local/lib/python3.6/dist-packages/requests/sessions.py", line 542, in request
    resp = self.send(prep, **send_kwargs)
  File "/usr/local/lib/python3.6/dist-packages/requests/sessions.py", line 655, in send
    r = adapter.send(request, **kwargs)
  File "/usr/local/lib/python3.6/dist-packages/requests/adapters.py", line 504, in send
    raise ConnectTimeout(e, request=request)
requests.exceptions.ConnectTimeout: HTTPSConnectionPool(host='api.wandb.ai', port=443): Max retries exceeded with url: /graphql (Caused by ConnectTimeoutError(<urllib3.connection.VerifiedHTTPSConnection object at 0x7f40729390>, 'Connection to api.wandb.ai timed out. (connect timeout=10)'))
2021-02-12 03:39:25,740 DEBUG   SenderThread:15685 [sender.py:send():117] send: stats
2021-02-12 03:39:25,742 DEBUG   SenderThread:15685 [sender.py:send():117] send: stats
2021-02-12 03:39:25,748 DEBUG   SenderThread:15685 [sender.py:send():117] send: stats
2021-02-12 03:39:25,749 DEBUG   SenderThread:15685 [sender.py:send():117] send: stats
2021-02-12 03:39:25,750 DEBUG   SenderThread:15685 [sender.py:send():117] send: stats
2021-02-12 03:39:25,751 DEBUG   SenderThread:15685 [sender.py:send():117] send: stats
2021-02-12 03:39:25,751 DEBUG   SenderThread:15685 [sender.py:send():117] send: stats
2021-02-12 03:39:25,752 DEBUG   SenderThread:15685 [sender.py:send():117] send: stats
2021-02-12 03:39:26,185 DEBUG   SenderThread:15685 [sender.py:send():117] send: stats
2021-02-12 03:39:30,686 DEBUG   SenderThread:15685 [sender.py:send():117] send: stats
2021-02-12 03:39:35,192 DEBUG   SenderThread:15685 [sender.py:send():117] send: stats
2021-02-12 03:39:39,702 DEBUG   SenderThread:15685 [sender.py:send():117] send: stats
2021-02-12 03:39:40,758 DEBUG   HandlerThread:15685 [handler.py:handle_request():94] handle_request: status
2021-02-12 03:39:40,762 DEBUG   SenderThread:15685 [sender.py:send():117] send: request
2021-02-12 03:39:40,763 DEBUG   SenderThread:15685 [sender.py:send_request():126] send_request: status
2021-02-12 03:39:44,190 DEBUG   SenderThread:15685 [sender.py:send():117] send: stats
2021-02-12 03:39:48,686 DEBUG   SenderThread:15685 [sender.py:send():117] send: stats
2021-02-12 03:39:53,182 DEBUG   SenderThread:15685 [sender.py:send():117] send: stats
2021-02-12 03:39:56,531 DEBUG   HandlerThread:15685 [handler.py:handle_request():94] handle_request: status
2021-02-12 03:39:56,534 DEBUG   SenderThread:15685 [sender.py:send():117] send: request
2021-02-12 03:39:56,536 DEBUG   SenderThread:15685 [sender.py:send_request():126] send_request: status
2021-02-12 03:39:57,695 DEBUG   SenderThread:15685 [sender.py:send():117] send: stats
2021-02-12 03:40:02,192 DEBUG   SenderThread:15685 [sender.py:send():117] send: stats
2021-02-12 03:40:06,694 DEBUG   SenderThread:15685 [sender.py:send():117] send: stats
2021-02-12 03:40:11,193 DEBUG   SenderThread:15685 [sender.py:send():117] send: stats
2021-02-12 03:40:12,235 DEBUG   HandlerThread:15685 [handler.py:handle_request():94] handle_request: status
2021-02-12 03:40:12,239 DEBUG   SenderThread:15685 [sender.py:send():117] send: request
2021-02-12 03:40:12,240 DEBUG   SenderThread:15685 [sender.py:send_request():126] send_request: status
2021-02-12 03:40:15,688 DEBUG   SenderThread:15685 [sender.py:send():117] send: stats
2021-02-12 03:40:20,188 DEBUG   SenderThread:15685 [sender.py:send():117] send: stats
2021-02-12 03:40:24,676 DEBUG   SenderThread:15685 [sender.py:send():117] send: stats
2021-02-12 03:40:27,866 DEBUG   HandlerThread:15685 [handler.py:handle_request():94] handle_request: status
2021-02-12 03:40:27,869 DEBUG   SenderThread:15685 [sender.py:send():117] send: request
2021-02-12 03:40:27,872 DEBUG   SenderThread:15685 [sender.py:send_request():126] send_request: status
2021-02-12 03:40:29,171 DEBUG   SenderThread:15685 [sender.py:send():117] send: stats
2021-02-12 03:40:33,666 DEBUG   SenderThread:15685 [sender.py:send():117] send: stats
2021-02-12 03:40:38,171 DEBUG   SenderThread:15685 [sender.py:send():117] send: stats
2021-02-12 03:40:42,680 DEBUG   SenderThread:15685 [sender.py:send():117] send: stats
2021-02-12 03:40:43,537 DEBUG   HandlerThread:15685 [handler.py:handle_request():94] handle_request: status
2021-02-12 03:40:43,540 DEBUG   SenderThread:15685 [sender.py:send():117] send: request
2021-02-12 03:40:43,542 DEBUG   SenderThread:15685 [sender.py:send_request():126] send_request: status
2021-02-12 03:40:47,173 DEBUG   SenderThread:15685 [sender.py:send():117] send: stats
2021-02-12 03:40:51,678 DEBUG   SenderThread:15685 [sender.py:send():117] send: stats
2021-02-12 03:40:56,177 DEBUG   SenderThread:15685 [sender.py:send():117] send: stats
2021-02-12 03:40:59,218 DEBUG   HandlerThread:15685 [handler.py:handle_request():94] handle_request: status
2021-02-12 03:40:59,221 DEBUG   SenderThread:15685 [sender.py:send():117] send: request
2021-02-12 03:40:59,222 DEBUG   SenderThread:15685 [sender.py:send_request():126] send_request: status
2021-02-12 03:41:00,683 DEBUG   SenderThread:15685 [sender.py:send():117] send: stats
2021-02-12 03:41:05,187 DEBUG   SenderThread:15685 [sender.py:send():117] send: stats
2021-02-12 03:41:09,682 DEBUG   SenderThread:15685 [sender.py:send():117] send: stats
2021-02-12 03:41:14,187 DEBUG   SenderThread:15685 [sender.py:send():117] send: stats
2021-02-12 03:41:14,659 DEBUG   HandlerThread:15685 [handler.py:handle_request():94] handle_request: status
2021-02-12 03:41:14,660 DEBUG   SenderThread:15685 [sender.py:send():117] send: request
2021-02-12 03:41:14,660 DEBUG   SenderThread:15685 [sender.py:send_request():126] send_request: status
2021-02-12 03:41:18,688 DEBUG   SenderThread:15685 [sender.py:send():117] send: stats
2021-02-12 03:41:23,187 DEBUG   SenderThread:15685 [sender.py:send():117] send: stats
2021-02-12 03:41:27,676 DEBUG   SenderThread:15685 [sender.py:send():117] send: stats
2021-02-12 03:41:30,234 DEBUG   HandlerThread:15685 [handler.py:handle_request():94] handle_request: status
2021-02-12 03:41:30,236 DEBUG   SenderThread:15685 [sender.py:send():117] send: request
2021-02-12 03:41:30,238 DEBUG   SenderThread:15685 [sender.py:send_request():126] send_request: status
2021-02-12 03:41:32,177 DEBUG   SenderThread:15685 [sender.py:send():117] send: stats
2021-02-12 03:41:36,686 DEBUG   SenderThread:15685 [sender.py:send():117] send: stats
2021-02-12 03:41:41,177 DEBUG   SenderThread:15685 [sender.py:send():117] send: stats
2021-02-12 03:41:45,682 DEBUG   SenderThread:15685 [sender.py:send():117] send: stats
2021-02-12 03:41:45,905 DEBUG   HandlerThread:15685 [handler.py:handle_request():94] handle_request: status
2021-02-12 03:41:45,909 DEBUG   SenderThread:15685 [sender.py:send():117] send: request
2021-02-12 03:41:45,910 DEBUG   SenderThread:15685 [sender.py:send_request():126] send_request: status
2021-02-12 03:41:50,189 DEBUG   SenderThread:15685 [sender.py:send():117] send: stats
2021-02-12 03:41:54,683 DEBUG   SenderThread:15685 [sender.py:send():117] send: stats
2021-02-12 03:41:59,183 DEBUG   SenderThread:15685 [sender.py:send():117] send: stats
2021-02-12 03:42:01,589 DEBUG   HandlerThread:15685 [handler.py:handle_request():94] handle_request: status
2021-02-12 03:42:01,592 DEBUG   SenderThread:15685 [sender.py:send():117] send: request
2021-02-12 03:42:01,593 DEBUG   SenderThread:15685 [sender.py:send_request():126] send_request: status
2021-02-12 03:42:03,680 DEBUG   SenderThread:15685 [sender.py:send():117] send: stats
2021-02-12 03:42:08,173 DEBUG   SenderThread:15685 [sender.py:send():117] send: stats
2021-02-12 03:42:12,674 DEBUG   SenderThread:15685 [sender.py:send():117] send: stats
2021-02-12 03:42:17,145 DEBUG   HandlerThread:15685 [handler.py:handle_request():94] handle_request: status
2021-02-12 03:42:17,148 DEBUG   SenderThread:15685 [sender.py:send():117] send: request
2021-02-12 03:42:17,150 DEBUG   SenderThread:15685 [sender.py:send_request():126] send_request: status
2021-02-12 03:42:17,586 DEBUG   SenderThread:15685 [sender.py:send():117] send: stats
2021-02-12 03:42:21,691 DEBUG   SenderThread:15685 [sender.py:send():117] send: stats
2021-02-12 03:42:26,187 DEBUG   SenderThread:15685 [sender.py:send():117] send: stats
2021-02-12 03:42:30,683 DEBUG   SenderThread:15685 [sender.py:send():117] send: stats
2021-02-12 03:42:32,604 DEBUG   HandlerThread:15685 [handler.py:handle_request():94] handle_request: status
2021-02-12 03:42:32,607 DEBUG   SenderThread:15685 [sender.py:send():117] send: request
2021-02-12 03:42:32,608 DEBUG   SenderThread:15685 [sender.py:send_request():126] send_request: status
2021-02-12 03:42:35,182 DEBUG   SenderThread:15685 [sender.py:send():117] send: stats
2021-02-12 03:42:39,672 DEBUG   SenderThread:15685 [sender.py:send():117] send: stats
2021-02-12 03:42:44,171 DEBUG   SenderThread:15685 [sender.py:send():117] send: stats
2021-02-12 03:42:48,063 DEBUG   HandlerThread:15685 [handler.py:handle_request():94] handle_request: status
2021-02-12 03:42:48,066 DEBUG   SenderThread:15685 [sender.py:send():117] send: request
2021-02-12 03:42:48,067 DEBUG   SenderThread:15685 [sender.py:send_request():126] send_request: status
2021-02-12 03:42:48,661 DEBUG   SenderThread:15685 [sender.py:send():117] send: stats
2021-02-12 03:42:53,166 DEBUG   SenderThread:15685 [sender.py:send():117] send: stats
2021-02-12 03:42:57,672 DEBUG   SenderThread:15685 [sender.py:send():117] send: stats
2021-02-12 03:43:02,154 DEBUG   SenderThread:15685 [sender.py:send():117] send: stats
2021-02-12 03:43:03,518 DEBUG   HandlerThread:15685 [handler.py:handle_request():94] handle_request: status
2021-02-12 03:43:03,521 DEBUG   SenderThread:15685 [sender.py:send():117] send: request
2021-02-12 03:43:03,522 DEBUG   SenderThread:15685 [sender.py:send_request():126] send_request: status
2021-02-12 03:43:06,655 DEBUG   SenderThread:15685 [sender.py:send():117] send: stats
2021-02-12 03:43:11,155 DEBUG   SenderThread:15685 [sender.py:send():117] send: stats
2021-02-12 03:43:15,667 DEBUG   SenderThread:15685 [sender.py:send():117] send: stats
2021-02-12 03:43:18,994 DEBUG   HandlerThread:15685 [handler.py:handle_request():94] handle_request: status
2021-02-12 03:43:18,998 DEBUG   SenderThread:15685 [sender.py:send():117] send: request
2021-02-12 03:43:19,000 DEBUG   SenderThread:15685 [sender.py:send_request():126] send_request: status
2021-02-12 03:43:20,154 DEBUG   SenderThread:15685 [sender.py:send():117] send: stats
2021-02-12 03:43:23,315 WARNING MainThread:15685 [internal.py:wandb_internal():146] Internal process interrupt: 1
2021-02-12 03:43:23,362 DEBUG   SenderThread:15685 [sender.py:send():117] send: telemetry
2021-02-12 03:43:23,385 DEBUG   HandlerThread:15685 [handler.py:handle_request():94] handle_request: poll_exit
2021-02-12 03:43:23,970 DEBUG   SenderThread:15685 [sender.py:send():117] send: exit
2021-02-12 03:43:23,970 INFO    SenderThread:15685 [sender.py:send_exit():195] handling exit code: 0
2021-02-12 03:43:23,973 INFO    SenderThread:15685 [sender.py:send_exit():203] send defer
2021-02-12 03:43:23,973 DEBUG   SenderThread:15685 [sender.py:send():117] send: request
2021-02-12 03:43:23,974 DEBUG   SenderThread:15685 [sender.py:send_request():126] send_request: poll_exit
2021-02-12 03:43:23,976 DEBUG   HandlerThread:15685 [handler.py:handle_request():94] handle_request: defer
2021-02-12 03:43:23,977 INFO    HandlerThread:15685 [handler.py:handle_request_defer():108] handle defer: 0
2021-02-12 03:43:23,977 DEBUG   SenderThread:15685 [sender.py:send():117] send: request
2021-02-12 03:43:23,977 DEBUG   SenderThread:15685 [sender.py:send_request():126] send_request: defer
2021-02-12 03:43:23,978 INFO    SenderThread:15685 [sender.py:send_request_defer():212] handle sender defer: 0
2021-02-12 03:43:23,978 INFO    SenderThread:15685 [sender.py:send_request_defer():248] send defer: 1
2021-02-12 03:43:23,979 DEBUG   HandlerThread:15685 [handler.py:handle_request():94] handle_request: defer
2021-02-12 03:43:23,979 INFO    HandlerThread:15685 [handler.py:handle_request_defer():108] handle defer: 1
2021-02-12 03:43:24,017 DEBUG   SenderThread:15685 [sender.py:send():117] send: request
2021-02-12 03:43:24,017 DEBUG   SenderThread:15685 [sender.py:send_request():126] send_request: defer
2021-02-12 03:43:24,018 INFO    SenderThread:15685 [sender.py:send_request_defer():212] handle sender defer: 1
2021-02-12 03:43:24,018 INFO    SenderThread:15685 [sender.py:send_request_defer():248] send defer: 2
2021-02-12 03:43:24,022 DEBUG   HandlerThread:15685 [handler.py:handle_request():94] handle_request: defer
2021-02-12 03:43:24,022 DEBUG   SenderThread:15685 [sender.py:send():117] send: stats
2021-02-12 03:43:24,024 INFO    HandlerThread:15685 [handler.py:handle_request_defer():108] handle defer: 2
2021-02-12 03:43:24,026 DEBUG   SenderThread:15685 [sender.py:send():117] send: request
2021-02-12 03:43:24,026 DEBUG   SenderThread:15685 [sender.py:send_request():126] send_request: defer
2021-02-12 03:43:24,026 INFO    SenderThread:15685 [sender.py:send_request_defer():212] handle sender defer: 2
2021-02-12 03:43:24,027 INFO    SenderThread:15685 [sender.py:send_request_defer():248] send defer: 3
2021-02-12 03:43:24,028 DEBUG   HandlerThread:15685 [handler.py:handle_request():94] handle_request: defer
2021-02-12 03:43:24,029 INFO    HandlerThread:15685 [handler.py:handle_request_defer():108] handle defer: 3
2021-02-12 03:43:24,030 DEBUG   SenderThread:15685 [sender.py:send():117] send: summary
2021-02-12 03:43:24,031 INFO    SenderThread:15685 [sender.py:_save_file():682] saving file wandb-summary.json with policy end
2021-02-12 03:43:24,032 DEBUG   SenderThread:15685 [sender.py:send():117] send: request
2021-02-12 03:43:24,032 DEBUG   SenderThread:15685 [sender.py:send_request():126] send_request: defer
2021-02-12 03:43:24,033 INFO    SenderThread:15685 [sender.py:send_request_defer():212] handle sender defer: 3
2021-02-12 03:43:24,033 INFO    SenderThread:15685 [sender.py:send_request_defer():248] send defer: 4
2021-02-12 03:43:24,034 DEBUG   HandlerThread:15685 [handler.py:handle_request():94] handle_request: defer
2021-02-12 03:43:24,035 INFO    HandlerThread:15685 [handler.py:handle_request_defer():108] handle defer: 4
2021-02-12 03:43:24,036 DEBUG   SenderThread:15685 [sender.py:send():117] send: request
2021-02-12 03:43:24,036 DEBUG   SenderThread:15685 [sender.py:send_request():126] send_request: defer
2021-02-12 03:43:24,036 INFO    SenderThread:15685 [sender.py:send_request_defer():212] handle sender defer: 4
2021-02-12 03:43:24,486 INFO    SenderThread:15685 [sender.py:send_request_defer():248] send defer: 5
2021-02-12 03:43:24,534 DEBUG   HandlerThread:15685 [handler.py:handle_request():94] handle_request: defer
2021-02-12 03:43:24,534 INFO    HandlerThread:15685 [handler.py:handle_request_defer():108] handle defer: 5
2021-02-12 03:43:24,540 DEBUG   SenderThread:15685 [sender.py:send():117] send: request
2021-02-12 03:43:24,552 DEBUG   SenderThread:15685 [sender.py:send_request():126] send_request: defer
2021-02-12 03:43:24,552 INFO    SenderThread:15685 [sender.py:send_request_defer():212] handle sender defer: 5
2021-02-12 03:43:24,564 INFO    SenderThread:15685 [sender.py:send_request_defer():248] send defer: 6
2021-02-12 03:43:24,570 DEBUG   HandlerThread:15685 [handler.py:handle_request():94] handle_request: defer
2021-02-12 03:43:24,570 INFO    HandlerThread:15685 [handler.py:handle_request_defer():108] handle defer: 6
2021-02-12 03:43:24,570 DEBUG   SenderThread:15685 [sender.py:send():117] send: request
2021-02-12 03:43:24,571 DEBUG   SenderThread:15685 [sender.py:send_request():126] send_request: defer
2021-02-12 03:43:24,571 INFO    SenderThread:15685 [sender.py:send_request_defer():212] handle sender defer: 6
2021-02-12 03:43:25,133 INFO    SenderThread:15685 [sender.py:send_request_defer():248] send defer: 7
2021-02-12 03:43:25,135 DEBUG   HandlerThread:15685 [handler.py:handle_request():94] handle_request: defer
2021-02-12 03:43:25,135 INFO    HandlerThread:15685 [handler.py:handle_request_defer():108] handle defer: 7
2021-02-12 03:43:25,136 DEBUG   SenderThread:15685 [sender.py:send():117] send: request
2021-02-12 03:43:25,136 DEBUG   SenderThread:15685 [sender.py:send_request():126] send_request: defer
2021-02-12 03:43:25,137 INFO    SenderThread:15685 [sender.py:send_request_defer():212] handle sender defer: 7
2021-02-12 03:43:25,138 INFO    SenderThread:15685 [sender.py:send_request_defer():248] send defer: 8
2021-02-12 03:43:25,140 DEBUG   SenderThread:15685 [sender.py:send():117] send: final
2021-02-12 03:43:25,143 DEBUG   HandlerThread:15685 [handler.py:handle_request():94] handle_request: defer
2021-02-12 03:43:25,143 INFO    HandlerThread:15685 [handler.py:handle_request_defer():108] handle defer: 8
2021-02-12 03:43:25,144 DEBUG   SenderThread:15685 [sender.py:send():117] send: footer
2021-02-12 03:43:25,144 DEBUG   SenderThread:15685 [sender.py:send():117] send: request
2021-02-12 03:43:25,144 DEBUG   SenderThread:15685 [sender.py:send_request():126] send_request: defer
2021-02-12 03:43:25,145 INFO    SenderThread:15685 [sender.py:send_request_defer():212] handle sender defer: 8
2021-02-12 03:43:25,997 DEBUG   HandlerThread:15685 [handler.py:handle_request():94] handle_request: poll_exit
2021-02-12 03:43:26,000 DEBUG   SenderThread:15685 [sender.py:send():117] send: request
2021-02-12 03:43:26,002 DEBUG   SenderThread:15685 [sender.py:send_request():126] send_request: poll_exit
2021-02-12 03:43:26,015 DEBUG   HandlerThread:15685 [handler.py:handle_request():94] handle_request: get_summary
2021-02-12 03:43:26,019 DEBUG   HandlerThread:15685 [handler.py:handle_request():94] handle_request: sampled_history
2021-02-12 03:43:26,022 DEBUG   HandlerThread:15685 [handler.py:handle_request():94] handle_request: shutdown
2021-02-12 03:43:26,022 INFO    HandlerThread:15685 [handler.py:finish():333] shutting down handler
2021-02-12 03:43:26,143 INFO    WriterThread:15685 [datastore.py:close():258] close: /home/michaellee/FedML/FedML-Server/wandb/run-20210212_033423-2rxu0pwa/run-2rxu0pwa.wandb
2021-02-12 03:43:27,007 INFO    SenderThread:15685 [sender.py:finish():766] shutting down sender
2021-02-12 03:43:27,058 INFO    MainThread:15685 [internal.py:handle_exit():78] Internal process exited
